This is pdfTeX, Version 3.14159265-2.6-1.40.16 (TeX Live 2015/W32TeX) (preloaded format=pdflatex 2015.9.23)  22 NOV 2015 18:44
entering extended mode
 restricted \write18 enabled.
 %&-line parsing enabled.
**./main.tex
(./main.tex
LaTeX2e <2015/01/01> patch level 2
Babel <3.9m> and hyphenation patterns for 45 languages loaded.
(d:/Program Files (x86)/texlive/texmf-dist/tex/latex/base/book.cls
Document Class: book 2014/09/29 v1.4h Standard LaTeX document class
(d:/Program Files (x86)/texlive/texmf-dist/tex/latex/base/bk12.clo
File: bk12.clo 2014/09/29 v1.4h Standard LaTeX file (size option)
)
\c@part=\count79
\c@chapter=\count80
\c@section=\count81
\c@subsection=\count82
\c@subsubsection=\count83
\c@paragraph=\count84
\c@subparagraph=\count85
\c@figure=\count86
\c@table=\count87
\abovecaptionskip=\skip41
\belowcaptionskip=\skip42
\bibindent=\dimen102
)
(d:/Program Files (x86)/texlive/texmf-dist/tex/latex/base/inputenc.sty
Package: inputenc 2015/03/17 v1.2c Input encoding file
\inpenc@prehook=\toks14
\inpenc@posthook=\toks15

(d:/Program Files (x86)/texlive/texmf-dist/tex/latex/base/utf8.def
File: utf8.def 2015/06/27 v1.1n UTF-8 support for inputenc
Now handling font encoding OML ...
... no UTF-8 mapping file for font encoding OML
Now handling font encoding T1 ...
... processing UTF-8 mapping file for font encoding T1

(d:/Program Files (x86)/texlive/texmf-dist/tex/latex/base/t1enc.dfu
File: t1enc.dfu 2015/06/27 v1.1n UTF-8 support for inputenc
   defining Unicode char U+00A1 (decimal 161)
   defining Unicode char U+00A3 (decimal 163)
   defining Unicode char U+00AB (decimal 171)
   defining Unicode char U+00BB (decimal 187)
   defining Unicode char U+00BF (decimal 191)
   defining Unicode char U+00C0 (decimal 192)
   defining Unicode char U+00C1 (decimal 193)
   defining Unicode char U+00C2 (decimal 194)
   defining Unicode char U+00C3 (decimal 195)
   defining Unicode char U+00C4 (decimal 196)
   defining Unicode char U+00C5 (decimal 197)
   defining Unicode char U+00C6 (decimal 198)
   defining Unicode char U+00C7 (decimal 199)
   defining Unicode char U+00C8 (decimal 200)
   defining Unicode char U+00C9 (decimal 201)
   defining Unicode char U+00CA (decimal 202)
   defining Unicode char U+00CB (decimal 203)
   defining Unicode char U+00CC (decimal 204)
   defining Unicode char U+00CD (decimal 205)
   defining Unicode char U+00CE (decimal 206)
   defining Unicode char U+00CF (decimal 207)
   defining Unicode char U+00D0 (decimal 208)
   defining Unicode char U+00D1 (decimal 209)
   defining Unicode char U+00D2 (decimal 210)
   defining Unicode char U+00D3 (decimal 211)
   defining Unicode char U+00D4 (decimal 212)
   defining Unicode char U+00D5 (decimal 213)
   defining Unicode char U+00D6 (decimal 214)
   defining Unicode char U+00D8 (decimal 216)
   defining Unicode char U+00D9 (decimal 217)
   defining Unicode char U+00DA (decimal 218)
   defining Unicode char U+00DB (decimal 219)
   defining Unicode char U+00DC (decimal 220)
   defining Unicode char U+00DD (decimal 221)
   defining Unicode char U+00DE (decimal 222)
   defining Unicode char U+00DF (decimal 223)
   defining Unicode char U+00E0 (decimal 224)
   defining Unicode char U+00E1 (decimal 225)
   defining Unicode char U+00E2 (decimal 226)
   defining Unicode char U+00E3 (decimal 227)
   defining Unicode char U+00E4 (decimal 228)
   defining Unicode char U+00E5 (decimal 229)
   defining Unicode char U+00E6 (decimal 230)
   defining Unicode char U+00E7 (decimal 231)
   defining Unicode char U+00E8 (decimal 232)
   defining Unicode char U+00E9 (decimal 233)
   defining Unicode char U+00EA (decimal 234)
   defining Unicode char U+00EB (decimal 235)
   defining Unicode char U+00EC (decimal 236)
   defining Unicode char U+00ED (decimal 237)
   defining Unicode char U+00EE (decimal 238)
   defining Unicode char U+00EF (decimal 239)
   defining Unicode char U+00F0 (decimal 240)
   defining Unicode char U+00F1 (decimal 241)
   defining Unicode char U+00F2 (decimal 242)
   defining Unicode char U+00F3 (decimal 243)
   defining Unicode char U+00F4 (decimal 244)
   defining Unicode char U+00F5 (decimal 245)
   defining Unicode char U+00F6 (decimal 246)
   defining Unicode char U+00F8 (decimal 248)
   defining Unicode char U+00F9 (decimal 249)
   defining Unicode char U+00FA (decimal 250)
   defining Unicode char U+00FB (decimal 251)
   defining Unicode char U+00FC (decimal 252)
   defining Unicode char U+00FD (decimal 253)
   defining Unicode char U+00FE (decimal 254)
   defining Unicode char U+00FF (decimal 255)
   defining Unicode char U+0102 (decimal 258)
   defining Unicode char U+0103 (decimal 259)
   defining Unicode char U+0104 (decimal 260)
   defining Unicode char U+0105 (decimal 261)
   defining Unicode char U+0106 (decimal 262)
   defining Unicode char U+0107 (decimal 263)
   defining Unicode char U+010C (decimal 268)
   defining Unicode char U+010D (decimal 269)
   defining Unicode char U+010E (decimal 270)
   defining Unicode char U+010F (decimal 271)
   defining Unicode char U+0110 (decimal 272)
   defining Unicode char U+0111 (decimal 273)
   defining Unicode char U+0118 (decimal 280)
   defining Unicode char U+0119 (decimal 281)
   defining Unicode char U+011A (decimal 282)
   defining Unicode char U+011B (decimal 283)
   defining Unicode char U+011E (decimal 286)
   defining Unicode char U+011F (decimal 287)
   defining Unicode char U+0130 (decimal 304)
   defining Unicode char U+0131 (decimal 305)
   defining Unicode char U+0132 (decimal 306)
   defining Unicode char U+0133 (decimal 307)
   defining Unicode char U+0139 (decimal 313)
   defining Unicode char U+013A (decimal 314)
   defining Unicode char U+013D (decimal 317)
   defining Unicode char U+013E (decimal 318)
   defining Unicode char U+0141 (decimal 321)
   defining Unicode char U+0142 (decimal 322)
   defining Unicode char U+0143 (decimal 323)
   defining Unicode char U+0144 (decimal 324)
   defining Unicode char U+0147 (decimal 327)
   defining Unicode char U+0148 (decimal 328)
   defining Unicode char U+014A (decimal 330)
   defining Unicode char U+014B (decimal 331)
   defining Unicode char U+0150 (decimal 336)
   defining Unicode char U+0151 (decimal 337)
   defining Unicode char U+0152 (decimal 338)
   defining Unicode char U+0153 (decimal 339)
   defining Unicode char U+0154 (decimal 340)
   defining Unicode char U+0155 (decimal 341)
   defining Unicode char U+0158 (decimal 344)
   defining Unicode char U+0159 (decimal 345)
   defining Unicode char U+015A (decimal 346)
   defining Unicode char U+015B (decimal 347)
   defining Unicode char U+015E (decimal 350)
   defining Unicode char U+015F (decimal 351)
   defining Unicode char U+0160 (decimal 352)
   defining Unicode char U+0161 (decimal 353)
   defining Unicode char U+0162 (decimal 354)
   defining Unicode char U+0163 (decimal 355)
   defining Unicode char U+0164 (decimal 356)
   defining Unicode char U+0165 (decimal 357)
   defining Unicode char U+016E (decimal 366)
   defining Unicode char U+016F (decimal 367)
   defining Unicode char U+0170 (decimal 368)
   defining Unicode char U+0171 (decimal 369)
   defining Unicode char U+0178 (decimal 376)
   defining Unicode char U+0179 (decimal 377)
   defining Unicode char U+017A (decimal 378)
   defining Unicode char U+017B (decimal 379)
   defining Unicode char U+017C (decimal 380)
   defining Unicode char U+017D (decimal 381)
   defining Unicode char U+017E (decimal 382)
   defining Unicode char U+200C (decimal 8204)
   defining Unicode char U+2013 (decimal 8211)
   defining Unicode char U+2014 (decimal 8212)
   defining Unicode char U+2018 (decimal 8216)
   defining Unicode char U+2019 (decimal 8217)
   defining Unicode char U+201A (decimal 8218)
   defining Unicode char U+201C (decimal 8220)
   defining Unicode char U+201D (decimal 8221)
   defining Unicode char U+201E (decimal 8222)
   defining Unicode char U+2030 (decimal 8240)
   defining Unicode char U+2031 (decimal 8241)
   defining Unicode char U+2039 (decimal 8249)
   defining Unicode char U+203A (decimal 8250)
   defining Unicode char U+2423 (decimal 9251)
)
Now handling font encoding OT1 ...
... processing UTF-8 mapping file for font encoding OT1

(d:/Program Files (x86)/texlive/texmf-dist/tex/latex/base/ot1enc.dfu
File: ot1enc.dfu 2015/06/27 v1.1n UTF-8 support for inputenc
   defining Unicode char U+00A1 (decimal 161)
   defining Unicode char U+00A3 (decimal 163)
   defining Unicode char U+00B8 (decimal 184)
   defining Unicode char U+00BF (decimal 191)
   defining Unicode char U+00C5 (decimal 197)
   defining Unicode char U+00C6 (decimal 198)
   defining Unicode char U+00D8 (decimal 216)
   defining Unicode char U+00DF (decimal 223)
   defining Unicode char U+00E6 (decimal 230)
   defining Unicode char U+00EC (decimal 236)
   defining Unicode char U+00ED (decimal 237)
   defining Unicode char U+00EE (decimal 238)
   defining Unicode char U+00EF (decimal 239)
   defining Unicode char U+00F8 (decimal 248)
   defining Unicode char U+0131 (decimal 305)
   defining Unicode char U+0141 (decimal 321)
   defining Unicode char U+0142 (decimal 322)
   defining Unicode char U+0152 (decimal 338)
   defining Unicode char U+0153 (decimal 339)
   defining Unicode char U+2013 (decimal 8211)
   defining Unicode char U+2014 (decimal 8212)
   defining Unicode char U+2018 (decimal 8216)
   defining Unicode char U+2019 (decimal 8217)
   defining Unicode char U+201C (decimal 8220)
   defining Unicode char U+201D (decimal 8221)
)
Now handling font encoding OMS ...
... processing UTF-8 mapping file for font encoding OMS

(d:/Program Files (x86)/texlive/texmf-dist/tex/latex/base/omsenc.dfu
File: omsenc.dfu 2015/06/27 v1.1n UTF-8 support for inputenc
   defining Unicode char U+00A7 (decimal 167)
   defining Unicode char U+00B6 (decimal 182)
   defining Unicode char U+00B7 (decimal 183)
   defining Unicode char U+2020 (decimal 8224)
   defining Unicode char U+2021 (decimal 8225)
   defining Unicode char U+2022 (decimal 8226)
)
Now handling font encoding OMX ...
... no UTF-8 mapping file for font encoding OMX
Now handling font encoding U ...
... no UTF-8 mapping file for font encoding U
   defining Unicode char U+00A9 (decimal 169)
   defining Unicode char U+00AA (decimal 170)
   defining Unicode char U+00AE (decimal 174)
   defining Unicode char U+00BA (decimal 186)
   defining Unicode char U+02C6 (decimal 710)
   defining Unicode char U+02DC (decimal 732)
   defining Unicode char U+200C (decimal 8204)
   defining Unicode char U+2026 (decimal 8230)
   defining Unicode char U+2122 (decimal 8482)
   defining Unicode char U+2423 (decimal 9251)
))
(d:/Program Files (x86)/texlive/texmf-dist/tex/latex/graphics/graphicx.sty
Package: graphicx 2014/10/28 v1.0g Enhanced LaTeX Graphics (DPC,SPQR)

(d:/Program Files (x86)/texlive/texmf-dist/tex/latex/graphics/keyval.sty
Package: keyval 2014/10/28 v1.15 key=value parser (DPC)
\KV@toks@=\toks16
)
(d:/Program Files (x86)/texlive/texmf-dist/tex/latex/graphics/graphics.sty
Package: graphics 2014/10/28 v1.0p Standard LaTeX Graphics (DPC,SPQR)

(d:/Program Files (x86)/texlive/texmf-dist/tex/latex/graphics/trig.sty
Package: trig 1999/03/16 v1.09 sin cos tan (DPC)
)
(d:/Program Files (x86)/texlive/texmf-dist/tex/latex/latexconfig/graphics.cfg
File: graphics.cfg 2010/04/23 v1.9 graphics configuration of TeX Live
)
Package graphics Info: Driver file: pdftex.def on input line 94.

(d:/Program Files (x86)/texlive/texmf-dist/tex/latex/pdftex-def/pdftex.def
File: pdftex.def 2011/05/27 v0.06d Graphics/color for pdfTeX

(d:/Program Files (x86)/texlive/texmf-dist/tex/generic/oberdiek/infwarerr.sty
Package: infwarerr 2010/04/08 v1.3 Providing info/warning/error messages (HO)
)
(d:/Program Files (x86)/texlive/texmf-dist/tex/generic/oberdiek/ltxcmds.sty
Package: ltxcmds 2011/11/09 v1.22 LaTeX kernel commands for general use (HO)
)
\Gread@gobject=\count88
))
\Gin@req@height=\dimen103
\Gin@req@width=\dimen104
) (d:/Program Files (x86)/texlive/texmf-dist/tex/latex/amsfonts/amsfonts.sty
Package: amsfonts 2013/01/14 v3.01 Basic AMSFonts support
\@emptytoks=\toks17
\symAMSa=\mathgroup4
\symAMSb=\mathgroup5
LaTeX Font Info:    Overwriting math alphabet `\mathfrak' in version `bold'
(Font)                  U/euf/m/n --> U/euf/b/n on input line 106.
)
(d:/Program Files (x86)/texlive/texmf-dist/tex/latex/cjk/texinput/CJKutf8.sty
Package: CJKutf8 2015/04/18 4.8.4

(d:/Program Files (x86)/texlive/texmf-dist/tex/generic/oberdiek/ifpdf.sty
Package: ifpdf 2011/01/30 v2.3 Provides the ifpdf switch (HO)
Package ifpdf Info: pdfTeX in PDF mode is detected.
)
(d:/Program Files (x86)/texlive/texmf-dist/tex/latex/cjk/texinput/CJK.sty
Package: CJK 2015/04/18 4.8.4

(d:/Program Files (x86)/texlive/texmf-dist/tex/latex/cjk/texinput/mule/MULEenc.
sty
Package: MULEenc 2015/04/18 4.8.4
) (d:/Program Files (x86)/texlive/texmf-dist/tex/latex/cjk/texinput/CJK.enc
File: CJK.enc 2015/04/18 4.8.4
Now handling font encoding C00 ...
... no UTF-8 mapping file for font encoding C00
Now handling font encoding C05 ...
... no UTF-8 mapping file for font encoding C05
Now handling font encoding C09 ...
... no UTF-8 mapping file for font encoding C09
Now handling font encoding C10 ...
... no UTF-8 mapping file for font encoding C10
Now handling font encoding C20 ...
... no UTF-8 mapping file for font encoding C20
Now handling font encoding C19 ...
... no UTF-8 mapping file for font encoding C19
Now handling font encoding C40 ...
... no UTF-8 mapping file for font encoding C40
Now handling font encoding C42 ...
... no UTF-8 mapping file for font encoding C42
Now handling font encoding C43 ...
... no UTF-8 mapping file for font encoding C43
Now handling font encoding C50 ...
... no UTF-8 mapping file for font encoding C50
Now handling font encoding C52 ...
... no UTF-8 mapping file for font encoding C52
Now handling font encoding C49 ...
... no UTF-8 mapping file for font encoding C49
Now handling font encoding C60 ...
... no UTF-8 mapping file for font encoding C60
Now handling font encoding C61 ...
... no UTF-8 mapping file for font encoding C61
Now handling font encoding C63 ...
... no UTF-8 mapping file for font encoding C63
Now handling font encoding C64 ...
... no UTF-8 mapping file for font encoding C64
Now handling font encoding C65 ...
... no UTF-8 mapping file for font encoding C65
Now handling font encoding C70 ...
... no UTF-8 mapping file for font encoding C70
Now handling font encoding C31 ...
... no UTF-8 mapping file for font encoding C31
Now handling font encoding C32 ...
... no UTF-8 mapping file for font encoding C32
Now handling font encoding C33 ...
... no UTF-8 mapping file for font encoding C33
Now handling font encoding C34 ...
... no UTF-8 mapping file for font encoding C34
Now handling font encoding C35 ...
... no UTF-8 mapping file for font encoding C35
Now handling font encoding C36 ...
... no UTF-8 mapping file for font encoding C36
Now handling font encoding C37 ...
... no UTF-8 mapping file for font encoding C37
Now handling font encoding C80 ...
... no UTF-8 mapping file for font encoding C80
Now handling font encoding C81 ...
... no UTF-8 mapping file for font encoding C81
Now handling font encoding C01 ...
... no UTF-8 mapping file for font encoding C01
Now handling font encoding C11 ...
... no UTF-8 mapping file for font encoding C11
Now handling font encoding C21 ...
... no UTF-8 mapping file for font encoding C21
Now handling font encoding C41 ...
... no UTF-8 mapping file for font encoding C41
Now handling font encoding C62 ...
... no UTF-8 mapping file for font encoding C62
)
LaTeX Info: Redefining \selectfont on input line 755.
\CJK@indent=\box26
) (d:/Program Files (x86)/texlive/texmf-dist/tex/latex/base/fontenc.sty
Package: fontenc 2005/09/27 v1.99g Standard LaTeX package
))
(d:/Program Files (x86)/texlive/texmf-dist/tex/latex/hyperref/hyperref.sty
Package: hyperref 2012/11/06 v6.83m Hypertext links for LaTeX

(d:/Program Files (x86)/texlive/texmf-dist/tex/generic/oberdiek/hobsub-hyperref
.sty
Package: hobsub-hyperref 2012/05/28 v1.13 Bundle oberdiek, subset hyperref (HO)


(d:/Program Files (x86)/texlive/texmf-dist/tex/generic/oberdiek/hobsub-generic.
sty
Package: hobsub-generic 2012/05/28 v1.13 Bundle oberdiek, subset generic (HO)
Package: hobsub 2012/05/28 v1.13 Construct package bundles (HO)
Package hobsub Info: Skipping package `infwarerr' (already loaded).
Package hobsub Info: Skipping package `ltxcmds' (already loaded).
Package: ifluatex 2010/03/01 v1.3 Provides the ifluatex switch (HO)
Package ifluatex Info: LuaTeX not detected.
Package: ifvtex 2010/03/01 v1.5 Detect VTeX and its facilities (HO)
Package ifvtex Info: VTeX not detected.
Package: intcalc 2007/09/27 v1.1 Expandable calculations with integers (HO)
Package hobsub Info: Skipping package `ifpdf' (already loaded).
Package: etexcmds 2011/02/16 v1.5 Avoid name clashes with e-TeX commands (HO)
Package etexcmds Info: Could not find \expanded.
(etexcmds)             That can mean that you are not using pdfTeX 1.50 or
(etexcmds)             that some package has redefined \expanded.
(etexcmds)             In the latter case, load this package earlier.
Package: kvsetkeys 2012/04/25 v1.16 Key value parser (HO)
Package: kvdefinekeys 2011/04/07 v1.3 Define keys (HO)
Package: pdftexcmds 2011/11/29 v0.20 Utility functions of pdfTeX for LuaTeX (HO
)
Package pdftexcmds Info: LuaTeX not detected.
Package pdftexcmds Info: \pdf@primitive is available.
Package pdftexcmds Info: \pdf@ifprimitive is available.
Package pdftexcmds Info: \pdfdraftmode found.
Package: pdfescape 2011/11/25 v1.13 Implements pdfTeX's escape features (HO)
Package: bigintcalc 2012/04/08 v1.3 Expandable calculations on big integers (HO
)
Package: bitset 2011/01/30 v1.1 Handle bit-vector datatype (HO)
Package: uniquecounter 2011/01/30 v1.2 Provide unlimited unique counter (HO)
)
Package hobsub Info: Skipping package `hobsub' (already loaded).
Package: letltxmacro 2010/09/02 v1.4 Let assignment for LaTeX macros (HO)
Package: hopatch 2012/05/28 v1.2 Wrapper for package hooks (HO)
Package: xcolor-patch 2011/01/30 xcolor patch
Package: atveryend 2011/06/30 v1.8 Hooks at the very end of document (HO)
Package atveryend Info: \enddocument detected (standard20110627).
Package: atbegshi 2011/10/05 v1.16 At begin shipout hook (HO)
Package: refcount 2011/10/16 v3.4 Data extraction from label references (HO)
Package: hycolor 2011/01/30 v1.7 Color options for hyperref/bookmark (HO)
)
(d:/Program Files (x86)/texlive/texmf-dist/tex/generic/ifxetex/ifxetex.sty
Package: ifxetex 2010/09/12 v0.6 Provides ifxetex conditional
)
(d:/Program Files (x86)/texlive/texmf-dist/tex/latex/oberdiek/auxhook.sty
Package: auxhook 2011/03/04 v1.3 Hooks for auxiliary files (HO)
)
(d:/Program Files (x86)/texlive/texmf-dist/tex/latex/oberdiek/kvoptions.sty
Package: kvoptions 2011/06/30 v3.11 Key value format for package options (HO)
)
\@linkdim=\dimen105
\Hy@linkcounter=\count89
\Hy@pagecounter=\count90

(d:/Program Files (x86)/texlive/texmf-dist/tex/latex/hyperref/pd1enc.def
File: pd1enc.def 2012/11/06 v6.83m Hyperref: PDFDocEncoding definition (HO)
Now handling font encoding PD1 ...
... no UTF-8 mapping file for font encoding PD1
)
\Hy@SavedSpaceFactor=\count91

(d:/Program Files (x86)/texlive/texmf-dist/tex/latex/latexconfig/hyperref.cfg
File: hyperref.cfg 2002/06/06 v1.2 hyperref configuration of TeXLive
)
Package hyperref Info: Option `unicode' set `true' on input line 4319.

(d:/Program Files (x86)/texlive/texmf-dist/tex/latex/hyperref/puenc.def
File: puenc.def 2012/11/06 v6.83m Hyperref: PDF Unicode definition (HO)
Now handling font encoding PU ...
... no UTF-8 mapping file for font encoding PU
)
Package hyperref Info: Hyper figures OFF on input line 4443.
Package hyperref Info: Link nesting OFF on input line 4448.
Package hyperref Info: Hyper index ON on input line 4451.
Package hyperref Info: Plain pages OFF on input line 4458.
Package hyperref Info: Backreferencing OFF on input line 4463.
Package hyperref Info: Implicit mode ON; LaTeX internals redefined.
Package hyperref Info: Bookmarks ON on input line 4688.
\c@Hy@tempcnt=\count92

(d:/Program Files (x86)/texlive/texmf-dist/tex/latex/url/url.sty
\Urlmuskip=\muskip10
Package: url 2013/09/16  ver 3.4  Verb mode for urls, etc.
)
LaTeX Info: Redefining \url on input line 5041.
\XeTeXLinkMargin=\dimen106
\Fld@menulength=\count93
\Field@Width=\dimen107
\Fld@charsize=\dimen108
Package hyperref Info: Hyper figures OFF on input line 6295.
Package hyperref Info: Link nesting OFF on input line 6300.
Package hyperref Info: Hyper index ON on input line 6303.
Package hyperref Info: backreferencing OFF on input line 6310.
Package hyperref Info: Link coloring OFF on input line 6315.
Package hyperref Info: Link coloring with OCG OFF on input line 6320.
Package hyperref Info: PDF/A mode OFF on input line 6325.
LaTeX Info: Redefining \ref on input line 6365.
LaTeX Info: Redefining \pageref on input line 6369.
\Hy@abspage=\count94
\c@Item=\count95
\c@Hfootnote=\count96
)

Package hyperref Message: Driver (autodetected): hpdftex.

(d:/Program Files (x86)/texlive/texmf-dist/tex/latex/hyperref/hpdftex.def
File: hpdftex.def 2012/11/06 v6.83m Hyperref driver for pdfTeX
\Fld@listcount=\count97
\c@bookmark@seq@number=\count98

(d:/Program Files (x86)/texlive/texmf-dist/tex/latex/oberdiek/rerunfilecheck.st
y
Package: rerunfilecheck 2011/04/15 v1.7 Rerun checks for auxiliary files (HO)
Package uniquecounter Info: New unique counter `rerunfilecheck' on input line 2
82.
)
\Hy@SectionHShift=\skip43
) (d:/Program Files (x86)/texlive/texmf-dist/tex/latex/xcolor/xcolor.sty
Package: xcolor 2007/01/21 v2.11 LaTeX color extensions (UK)

(d:/Program Files (x86)/texlive/texmf-dist/tex/latex/latexconfig/color.cfg
File: color.cfg 2007/01/18 v1.5 color configuration of teTeX/TeXLive
)
Package xcolor Info: Driver file: pdftex.def on input line 225.
Package xcolor Info: Model `cmy' substituted by `cmy0' on input line 1337.
Package xcolor Info: Model `hsb' substituted by `rgb' on input line 1341.
Package xcolor Info: Model `RGB' extended on input line 1353.
Package xcolor Info: Model `HTML' substituted by `rgb' on input line 1355.
Package xcolor Info: Model `Hsb' substituted by `hsb' on input line 1356.
Package xcolor Info: Model `tHsb' substituted by `hsb' on input line 1357.
Package xcolor Info: Model `HSB' substituted by `hsb' on input line 1358.
Package xcolor Info: Model `Gray' substituted by `gray' on input line 1359.
Package xcolor Info: Model `wave' substituted by `hsb' on input line 1360.
)
(d:/Program Files (x86)/texlive/texmf-dist/tex/latex/cite/cite.sty
LaTeX Info: Redefining \cite on input line 302.
LaTeX Info: Redefining \nocite on input line 332.
Package: cite 2015/02/27  v 5.5
)
(d:/Program Files (x86)/texlive/texmf-dist/tex/latex/ctex/ctex.sty
(d:/Program Files (x86)/texlive/texmf-dist/tex/latex/l3kernel/expl3.sty
Package: expl3 2015/09/11 v6002 L3 programming layer (loader) 

(d:/Program Files (x86)/texlive/texmf-dist/tex/latex/l3kernel/expl3-code.tex
Package: expl3 2015/09/11 v6002 L3 programming layer (code) 
L3 Module: l3bootstrap 2015/09/10 v5983 L3 Bootstrap code
L3 Module: l3names 2015/09/07 v5939 L3 Namespace for primitives
L3 Module: l3basics 2015/09/10 v5983 L3 Basic definitions
L3 Module: l3expan 2015/09/10 v5983 L3 Argument expansion
L3 Module: l3tl 2015/09/10 v5983 L3 Token lists
L3 Module: l3str 2015/09/10 v5983 L3 Strings
L3 Module: l3seq 2015/08/05 v5777 L3 Sequences and stacks
L3 Module: l3int 2015/09/11 v5987 L3 Integers
\c_max_int=\count99
\l_tmpa_int=\count100
\l_tmpb_int=\count101
\g_tmpa_int=\count102
\g_tmpb_int=\count103
L3 Module: l3quark 2015/08/17 v5855 L3 Quarks
L3 Module: l3prg 2015/09/10 v5983 L3 Control structures
\g__prg_map_int=\count104
L3 Module: l3clist 2015/09/02 v5901 L3 Comma separated lists
L3 Module: l3token 2015/08/26 v5893 L3 Experimental token manipulation
L3 Module: l3prop 2015/08/05 v5777 L3 Property lists
L3 Module: l3msg 2015/09/10 v5983 L3 Messages
L3 Module: l3file 2015/08/05 v5786 L3 File and I/O operations
\l_iow_line_count_int=\count105
\l__iow_target_count_int=\count106
\l__iow_current_line_int=\count107
\l__iow_current_word_int=\count108
\l__iow_current_indentation_int=\count109
L3 Module: l3skip 2015/09/10 v5983 L3 Dimensions and skips
\c_zero_dim=\dimen109
\c_max_dim=\dimen110
\l_tmpa_dim=\dimen111
\l_tmpb_dim=\dimen112
\g_tmpa_dim=\dimen113
\g_tmpb_dim=\dimen114
\c_zero_skip=\skip44
\c_max_skip=\skip45
\l_tmpa_skip=\skip46
\l_tmpb_skip=\skip47
\g_tmpa_skip=\skip48
\g_tmpb_skip=\skip49
\c_zero_muskip=\muskip11
\c_max_muskip=\muskip12
\l_tmpa_muskip=\muskip13
\l_tmpb_muskip=\muskip14
\g_tmpa_muskip=\muskip15
\g_tmpb_muskip=\muskip16
L3 Module: l3keys 2015/09/10 v5983 L3 Key-value interfaces
\g__keyval_level_int=\count110
\l_keys_choice_int=\count111
L3 Module: l3fp 2015/08/25 v5890 L3 Floating points
\c__fp_leading_shift_int=\count112
\c__fp_middle_shift_int=\count113
\c__fp_trailing_shift_int=\count114
\c__fp_big_leading_shift_int=\count115
\c__fp_big_middle_shift_int=\count116
\c__fp_big_trailing_shift_int=\count117
\c__fp_Bigg_leading_shift_int=\count118
\c__fp_Bigg_middle_shift_int=\count119
\c__fp_Bigg_trailing_shift_int=\count120
L3 Module: l3box 2015/08/09 v5822 L3 Experimental boxes
\c_empty_box=\box27
\l_tmpa_box=\box28
\l_tmpb_box=\box29
\g_tmpa_box=\box30
\g_tmpb_box=\box31
L3 Module: l3coffins 2015/08/06 v5789 L3 Coffin code layer
\l__coffin_internal_box=\box32
\l__coffin_internal_dim=\dimen115
\l__coffin_offset_x_dim=\dimen116
\l__coffin_offset_y_dim=\dimen117
\l__coffin_x_dim=\dimen118
\l__coffin_y_dim=\dimen119
\l__coffin_x_prime_dim=\dimen120
\l__coffin_y_prime_dim=\dimen121
\c_empty_coffin=\box33
\l__coffin_aligned_coffin=\box34
\l__coffin_aligned_internal_coffin=\box35
\l_tmpa_coffin=\box36
\l_tmpb_coffin=\box37
\l__coffin_display_coffin=\box38
\l__coffin_display_coord_coffin=\box39
\l__coffin_display_pole_coffin=\box40
\l__coffin_display_offset_dim=\dimen122
\l__coffin_display_x_dim=\dimen123
\l__coffin_display_y_dim=\dimen124
L3 Module: l3color 2014/08/23 v5354 L3 Experimental color support
L3 Module: l3candidates 2015/09/11 v6002 L3 Experimental additions to l3kernel
\l__box_top_dim=\dimen125
\l__box_bottom_dim=\dimen126
\l__box_left_dim=\dimen127
\l__box_right_dim=\dimen128
\l__box_top_new_dim=\dimen129
\l__box_bottom_new_dim=\dimen130
\l__box_left_new_dim=\dimen131
\l__box_right_new_dim=\dimen132
\l__box_internal_box=\box41
\l__coffin_bounding_shift_dim=\dimen133
\l__coffin_left_corner_dim=\dimen134
\l__coffin_right_corner_dim=\dimen135
\l__coffin_bottom_corner_dim=\dimen136
\l__coffin_top_corner_dim=\dimen137
\l__coffin_scaled_total_height_dim=\dimen138
\l__coffin_scaled_width_dim=\dimen139
L3 Module: [unknown name] 0000/00/00 v-1 L3 Experimental system/runtime functio
ns
L3 Module: l3luatex 2015/09/10 v5983 L3 Experimental LuaTeX-specific functions
)
(d:/Program Files (x86)/texlive/texmf-dist/tex/latex/l3kernel/l3unicode-data.de
f
File: l3unicode-data.def 2015/07/20 v5676 L3 Unicode data
) (d:/Program Files (x86)/texlive/texmf-dist/tex/latex/l3kernel/l3pdfmode.def
File: l3pdfmode.def 2015/09/10 v5983 L3 Experimental driver: PDF mode
\l__driver_color_stack_int=\count121
))
Package: ctex 2015/07/01 v2.2 Chinese adapter in LaTeX (CTEX)

(d:/Program Files (x86)/texlive/texmf-dist/tex/latex/l3packages/xparse/xparse.s
ty
Package: xparse 2015/09/11 v6001 L3 Experimental document command parser
\l__xparse_current_arg_int=\count122
\l__xparse_m_args_int=\count123
\l__xparse_mandatory_args_int=\count124
\l__xparse_processor_int=\count125
\l__xparse_v_nesting_int=\count126
)
(d:/Program Files (x86)/texlive/texmf-dist/tex/latex/l3packages/l3keys2e/l3keys
2e.sty
Package: l3keys2e 2015/09/11 v6001 LaTeX2e option processing using LaTeX3 keys
) (d:/Program Files (x86)/texlive/texmf-dist/tex/latex/ctex/ctexhook.sty
Package: ctexhook 2015/07/01 v2.2 Document and package hooks (CTEX)
) (d:/Program Files (x86)/texlive/texmf-dist/tex/latex/ctex/ctexpatch.sty
Package: ctexpatch 2015/07/01 v2.2 Patching commands (CTEX)
)
(d:/Program Files (x86)/texlive/texmf-dist/tex/latex/base/fix-cm.sty
Package: fix-cm 2015/01/14 v1.1t fixes to LaTeX

(d:/Program Files (x86)/texlive/texmf-dist/tex/latex/base/ts1enc.def
File: ts1enc.def 2001/06/05 v3.0e (jk/car/fm) Standard LaTeX file
Now handling font encoding TS1 ...
... processing UTF-8 mapping file for font encoding TS1

(d:/Program Files (x86)/texlive/texmf-dist/tex/latex/base/ts1enc.dfu
File: ts1enc.dfu 2015/06/27 v1.1n UTF-8 support for inputenc
   defining Unicode char U+00A2 (decimal 162)
   defining Unicode char U+00A3 (decimal 163)
   defining Unicode char U+00A4 (decimal 164)
   defining Unicode char U+00A5 (decimal 165)
   defining Unicode char U+00A6 (decimal 166)
   defining Unicode char U+00A7 (decimal 167)
   defining Unicode char U+00A8 (decimal 168)
   defining Unicode char U+00A9 (decimal 169)
   defining Unicode char U+00AA (decimal 170)
   defining Unicode char U+00AC (decimal 172)
   defining Unicode char U+00AE (decimal 174)
   defining Unicode char U+00AF (decimal 175)
   defining Unicode char U+00B0 (decimal 176)
   defining Unicode char U+00B1 (decimal 177)
   defining Unicode char U+00B2 (decimal 178)
   defining Unicode char U+00B3 (decimal 179)
   defining Unicode char U+00B4 (decimal 180)
   defining Unicode char U+00B5 (decimal 181)
   defining Unicode char U+00B6 (decimal 182)
   defining Unicode char U+00B7 (decimal 183)
   defining Unicode char U+00B9 (decimal 185)
   defining Unicode char U+00BA (decimal 186)
   defining Unicode char U+00BC (decimal 188)
   defining Unicode char U+00BD (decimal 189)
   defining Unicode char U+00BE (decimal 190)
   defining Unicode char U+00D7 (decimal 215)
   defining Unicode char U+00F7 (decimal 247)
   defining Unicode char U+0192 (decimal 402)
   defining Unicode char U+02C7 (decimal 711)
   defining Unicode char U+02D8 (decimal 728)
   defining Unicode char U+02DD (decimal 733)
   defining Unicode char U+0E3F (decimal 3647)
   defining Unicode char U+2016 (decimal 8214)
   defining Unicode char U+2020 (decimal 8224)
   defining Unicode char U+2021 (decimal 8225)
   defining Unicode char U+2022 (decimal 8226)
   defining Unicode char U+2030 (decimal 8240)
   defining Unicode char U+2031 (decimal 8241)
   defining Unicode char U+203B (decimal 8251)
   defining Unicode char U+203D (decimal 8253)
   defining Unicode char U+2044 (decimal 8260)
   defining Unicode char U+204E (decimal 8270)
   defining Unicode char U+2052 (decimal 8274)
   defining Unicode char U+20A1 (decimal 8353)
   defining Unicode char U+20A4 (decimal 8356)
   defining Unicode char U+20A6 (decimal 8358)
   defining Unicode char U+20A9 (decimal 8361)
   defining Unicode char U+20AB (decimal 8363)
   defining Unicode char U+20AC (decimal 8364)
   defining Unicode char U+20B1 (decimal 8369)
   defining Unicode char U+2103 (decimal 8451)
   defining Unicode char U+2116 (decimal 8470)
   defining Unicode char U+2117 (decimal 8471)
   defining Unicode char U+211E (decimal 8478)
   defining Unicode char U+2120 (decimal 8480)
   defining Unicode char U+2122 (decimal 8482)
   defining Unicode char U+2126 (decimal 8486)
   defining Unicode char U+2127 (decimal 8487)
   defining Unicode char U+212E (decimal 8494)
   defining Unicode char U+2190 (decimal 8592)
   defining Unicode char U+2191 (decimal 8593)
   defining Unicode char U+2192 (decimal 8594)
   defining Unicode char U+2193 (decimal 8595)
   defining Unicode char U+2329 (decimal 9001)
   defining Unicode char U+232A (decimal 9002)
   defining Unicode char U+2422 (decimal 9250)
   defining Unicode char U+25E6 (decimal 9702)
   defining Unicode char U+25EF (decimal 9711)
   defining Unicode char U+266A (decimal 9834)
)))
(d:/Program Files (x86)/texlive/texmf-dist/tex/latex/ms/everysel.sty
Package: everysel 2011/10/28 v1.2 EverySelectfont Package (MS)
)
\l__ctex_tmp_int=\count127
\l__ctex_tmp_dim=\dimen140
\l__ctex_tmp_box=\box42
\g__file_internal_ior=\read1

(d:/Program Files (x86)/texlive/texmf-dist/tex/latex/ctex/config/ctexopts.cfg
File: ctexopts.cfg 2015/07/01 v2.2 Option configuration file (CTEX)
)
.................................................
. LaTeX info: "xparse/define-command"
. 
. Defining command \ctexset with sig. '' on line 359.
.................................................
.................................................
. LaTeX info: "xparse/define-command"
. 
. Defining command \CTEXsetup with sig. '+o>{\TrimSpaces }m' on line 365.
.................................................
.................................................
. LaTeX info: "xparse/define-command"
. 
. Defining command \CTEXoptions with sig. '+o' on line 371.
.................................................

(d:/Program Files (x86)/texlive/texmf-dist/tex/latex/ctex/engine/ctex-engine-pd
ftex.def
File: ctex-engine-pdftex.def 2015/07/01 v2.2 (pdf)LaTeX adapter (CTEX)

(d:/Program Files (x86)/texlive/texmf-dist/tex/latex/cjkpunct/CJKpunct.sty
Package: CJKpunct 2009/05/06 4.8.2
\CJKpunct@cnta=\count128
\CJKpunct@cntb=\count129
\CJKpunct@cntc=\count130
\CJKpunct@cntd=\count131
\CJKpunct@cnte=\count132
   defining Unicode char U+2018 (decimal 8216)
   defining Unicode char U+2019 (decimal 8217)
   defining Unicode char U+201C (decimal 8220)
   defining Unicode char U+201D (decimal 8221)
   defining Unicode char U+2014 (decimal 8212)
   defining Unicode char U+2026 (decimal 8230)
)
(d:/Program Files (x86)/texlive/texmf-dist/tex/latex/cjk/texinput/CJKspace.sty
Package: CJKspace 2015/04/18 3.8.0
) (d:/Program Files (x86)/texlive/texmf-dist/tex/latex/cjk/texinput/standard.bd
g
File: standard.bdg 2015/04/18 4.8.4
) (d:/Program Files (x86)/texlive/texmf-dist/tex/latex/ctex/ctexspa.def
File: ctexspa.def 2015/07/01 v2.2 Space info for CJKpunct (CTEX)
)

Package hyperref Warning: Option `driverfallback' has already been used,
(hyperref)                setting the option has no effect on input line 292.

Package hyperref Info: Option `CJKbookmarks' set `true' on input line 310.
(d:/Program Files (x86)/texlive/texmf-dist/tex/latex/xcjk2uni/xCJK2uni.sty
Package: xCJK2uni 2014/06/20 v0.4 Convert CJK character to Unicode.
\l__CJKtu_i_min_int=\count133
\l__CJKtu_i_max_int=\count134
\l__CJKtu_ii_min_int=\count135
\l__CJKtu_ii_max_int=\count136
\l__CJKtu_gap_begin_int=\count137
\l__CJKtu_gap_end_int=\count138
\l__CJKtu_plane_int=\count139
Package hyperref Info: Option `unicode' set `true' on input line 199.
Package hyperref Info: Option `CJKbookmarks' set `false' on input line 199.

*************************************************
* xCJK2uni warning: "UTF-8-encoding"
* 
* It is not necessary to load xCJK2uni in UTF-8 encoding.
*************************************************

(d:/Program Files (x86)/texlive/texmf-dist/tex/latex/xcjk2uni/xCJK2uni-UGBK.def
File: xCJK2uni-UGBK.def 2014/06/20 v0.4 Convert CJK character to Unicode.
))
(d:/Program Files (x86)/texlive/texmf-dist/tex/latex/cjk/texinput/CJKfntef.sty
Package: CJKfntef 2015/04/18 4.8.4

(d:/Program Files (x86)/texlive/texmf-dist/tex/latex/cjk/texinput/CJKulem.sty
Package: CJKulem 2015/04/18 4.8.4

(d:/Program Files (x86)/texlive/texmf-dist/tex/generic/ulem/ulem.sty
\UL@box=\box43
\UL@hyphenbox=\box44
\UL@skip=\skip50
\UL@hook=\toks18
\UL@height=\dimen141
\UL@pe=\count140
\UL@pixel=\dimen142
\ULC@box=\box45
Package: ulem 2012/05/18
\ULdepth=\dimen143
)
\UL@lastkern=\dimen144
\CJK@skip=\skip51
)
\CJK@fntefSkip=\skip52
\CJK@nest=\count141
\CJK@fntefDimen=\dimen145
\CJK@underdotBox=\box46
\CJK@ULbox=\box47
\CJK@underanyskip=\dimen146
)
\ccwd=\dimen147
\l__ctex_ccglue_skip=\skip53
)
.................................................
. LaTeX info: "xparse/define-command"
. 
. Defining command \CTEXsetfont with sig. '' on line 409.
.................................................
.................................................
. LaTeX info: "xparse/define-command"
. 
. Defining command \ziju with sig. 'm' on line 481.
.................................................
\l__ctex_ziju_dim=\dimen148
.................................................
. LaTeX info: "xparse/define-command"
. 
. Defining command \CTEXindent with sig. '' on line 522.
.................................................
.................................................
. LaTeX info: "xparse/define-command"
. 
. Defining command \CTEXnoindent with sig. '' on line 528.
.................................................

(d:/Program Files (x86)/texlive/texmf-dist/tex/latex/zhnumber/zhnumber.sty
Package: zhnumber 2015/05/21 v2.2 Typesetting numbers with Chinese glyphs
.................................................
. LaTeX info: "xparse/define-command"
. 
. Defining command \zhnumber with sig. '+o+m' on line 45.
.................................................
.................................................
. LaTeX info: "xparse/define-command"
. 
. Defining command \zhnumberwithoptions with sig. '+m+m' on line 52.
.................................................
.................................................
. LaTeX info: "xparse/define-command"
. 
. Defining command \zhnum with sig. '+o+m' on line 106.
.................................................
.................................................
. LaTeX info: "xparse/define-command"
. 
. Defining command \zhnumwithoptions with sig. '+m+m' on line 113.
.................................................
.................................................
. LaTeX info: "xparse/define-command"
. 
. Defining command \zhdigits with sig. '+s+o+m' on line 289.
.................................................
.................................................
. LaTeX info: "xparse/define-command"
. 
. Defining command \zhdigitswithoptions with sig. '+m+m+m' on line 296.
.................................................
.................................................
. LaTeX info: "xparse/define-command"
. 
. Defining command \zhdate with sig. '+s+m' on line 355.
.................................................
\l__zhnum_scale_int=\count142
.................................................
. LaTeX info: "xparse/define-command"
. 
. Defining command \zhnumExtendScaleMap with sig. '>{\TrimSpaces }+o+m' on
. line 468.
.................................................
\l__zhnum_byte_min_int=\count143
\l__zhnum_byte_max_int=\count144
.................................................
. LaTeX info: "xparse/define-command"
. 
. Defining command \zhnumsetup with sig. '+m' on line 901.
.................................................

(d:/Program Files (x86)/texlive/texmf-dist/tex/latex/zhnumber/zhnumber-gbk.cfg
File: zhnumber-gbk.cfg 2015/05/21 v2.2 Chinese numerals with GBK encoding
))
.................................................
. LaTeX info: "xparse/define-command"
. 
. Defining command \CTEXnumber with sig. 'mm' on line 543.
.................................................
.................................................
. LaTeX info: "xparse/define-command"
. 
. Defining command \CTEXdigits with sig. 'mm' on line 545.
.................................................

(d:/Program Files (x86)/texlive/texmf-dist/tex/latex/ctex/scheme/ctex-scheme-ch
inese.def
File: ctex-scheme-chinese.def 2015/07/01 v2.2 Chinese scheme for generic (CTEX)


(d:/Program Files (x86)/texlive/texmf-dist/tex/latex/ctex/config/ctex-name-gbk.
cfg
File: ctex-name-gbk.cfg 2015/07/01 v2.2 Caption with encoding GBK (CTEX)
))
(d:/Program Files (x86)/texlive/texmf-dist/tex/latex/tools/indentfirst.sty
Package: indentfirst 1995/11/23 v1.03 Indent first paragraph (DPC)
)
.................................................
. LaTeX info: "xparse/define-command"
. 
. Defining command \zihao with sig. 'm' on line 624.
.................................................
.................................................
. LaTeX info: "xparse/define-command"
. 
. Defining command \CTeX with sig. '' on line 728.
.................................................

(d:/Program Files (x86)/texlive/texmf-dist/tex/latex/ctex/fontset/ctex-fontset-
windows.def
File: ctex-fontset-windows.def 2015/07/01 v2.2 Windows fonts definition (CTEX)

(d:/Program Files (x86)/texlive/texmf-dist/tex/latex/ctex/fontset/ctex-fontset-
windowsnew.def
File: ctex-fontset-windowsnew.def 2015/07/01 v2.2 Windows fonts definition for 
Vista or later version (CTEX)

(d:/Program Files (x86)/texlive/texmf-dist/tex/generic/ctex/zhwindowsfonts.tex
File: zhwindowsfonts.tex 2015/07/01 v2.2 Windows font map loader for pdfTeX and
 DVIPDFMx (CTEX)
{d:/Program Files (x86)/texlive/texmf-var/fonts/map/pdftex/updmap/pdftex.map}{U
GBK.sfd}{Unicode.sfd})
.................................................
. LaTeX info: "xparse/define-command"
. 
. Defining command \songti with sig. '' on line 93.
.................................................
.................................................
. LaTeX info: "xparse/define-command"
. 
. Defining command \heiti with sig. '' on line 94.
.................................................
.................................................
. LaTeX info: "xparse/define-command"
. 
. Defining command \fangsong with sig. '' on line 95.
.................................................
.................................................
. LaTeX info: "xparse/define-command"
. 
. Defining command \kaishu with sig. '' on line 96.
.................................................
.................................................
. LaTeX info: "xparse/define-command"
. 
. Defining command \lishu with sig. '' on line 97.
.................................................
.................................................
. LaTeX info: "xparse/define-command"
. 
. Defining command \youyuan with sig. '' on line 98.
.................................................
.................................................
. LaTeX info: "xparse/define-command"
. 
. Defining command \yahei with sig. '' on line 99.
.................................................
)))
(d:/Program Files (x86)/texlive/texmf-dist/tex/latex/ctex/config/ctex.cfg
File: ctex.cfg 2015/07/01 v2.2 Configuration file (CTEX)
)
(d:/Program Files (x86)/texlive/texmf-dist/tex/latex/titlesec/titlesec.sty
Package: titlesec 2011/12/15 v2.10.0 Sectioning titles
\ttl@box=\box48
\beforetitleunit=\skip54
\aftertitleunit=\skip55
\ttl@plus=\dimen149
\ttl@minus=\dimen150
\ttl@toksa=\toks19
\titlewidth=\dimen151
\titlewidthlast=\dimen152
\titlewidthfirst=\dimen153
)
(d:/Program Files (x86)/texlive/texmf-dist/tex/latex/multirow/multirow.sty
\bigstrutjot=\dimen154
)
(d:/Program Files (x86)/texlive/texmf-dist/tex/latex/tools/tabularx.sty
Package: tabularx 2014/10/28 v2.10 `tabularx' package (DPC)

(d:/Program Files (x86)/texlive/texmf-dist/tex/latex/tools/array.sty
Package: array 2014/10/28 v2.4c Tabular extension package (FMi)
\col@sep=\dimen155
\extrarowheight=\dimen156
\NC@list=\toks20
\extratabsurround=\skip56
\backup@length=\skip57
)
\TX@col@width=\dimen157
\TX@old@table=\dimen158
\TX@old@col=\dimen159
\TX@target=\dimen160
\TX@delta=\dimen161
\TX@cols=\count145
\TX@ftn=\toks21
)
(d:/Program Files (x86)/texlive/texmf-dist/tex/latex/amsmath/amsmath.sty
Package: amsmath 2013/01/14 v2.14 AMS math features
\@mathmargin=\skip58

For additional information on amsmath, use the `?' option.
(d:/Program Files (x86)/texlive/texmf-dist/tex/latex/amsmath/amstext.sty
Package: amstext 2000/06/29 v2.01

(d:/Program Files (x86)/texlive/texmf-dist/tex/latex/amsmath/amsgen.sty
File: amsgen.sty 1999/11/30 v2.0
\@emptytoks=\toks22
\ex@=\dimen162
))
(d:/Program Files (x86)/texlive/texmf-dist/tex/latex/amsmath/amsbsy.sty
Package: amsbsy 1999/11/29 v1.2d
\pmbraise@=\dimen163
)
(d:/Program Files (x86)/texlive/texmf-dist/tex/latex/amsmath/amsopn.sty
Package: amsopn 1999/12/14 v2.01 operator names
)
\inf@bad=\count146
LaTeX Info: Redefining \frac on input line 210.
\uproot@=\count147
\leftroot@=\count148
LaTeX Info: Redefining \overline on input line 306.
\classnum@=\count149
\DOTSCASE@=\count150
LaTeX Info: Redefining \ldots on input line 378.
LaTeX Info: Redefining \dots on input line 381.
LaTeX Info: Redefining \cdots on input line 466.
\Mathstrutbox@=\box49
\strutbox@=\box50
\big@size=\dimen164
LaTeX Font Info:    Redeclaring font encoding OML on input line 566.
LaTeX Font Info:    Redeclaring font encoding OMS on input line 567.
\macc@depth=\count151
\c@MaxMatrixCols=\count152
\dotsspace@=\muskip17
\c@parentequation=\count153
\dspbrk@lvl=\count154
\tag@help=\toks23
\row@=\count155
\column@=\count156
\maxfields@=\count157
\andhelp@=\toks24
\eqnshift@=\dimen165
\alignsep@=\dimen166
\tagshift@=\dimen167
\tagwidth@=\dimen168
\totwidth@=\dimen169
\lineht@=\dimen170
\@envbody=\toks25
\multlinegap=\skip59
\multlinetaggap=\skip60
\mathdisplay@stack=\toks26
LaTeX Info: Redefining \[ on input line 2665.
LaTeX Info: Redefining \] on input line 2666.
)
(d:/Program Files (x86)/texlive/texmf-dist/tex/latex/cjk/texinput/extended.enc
File: extended.enc 2015/04/18 4.8.4
) (d:/Program Files (x86)/texlive/texmf-dist/tex/latex/cjk/texinput/extended.ch
r
File: extended.chr 2015/04/18 4.8.4
) (./main.aux (./TeX_files/chapter01.aux

LaTeX Warning: Label `fig:endb-flow' multiply defined.


LaTeX Warning: Label `fig:endb-flow' multiply defined.


LaTeX Warning: Label `fig:endb-flow' multiply defined.


LaTeX Warning: Label `fig:endb-flow' multiply defined.

) (./TeX_files/chapter02.aux) (./TeX_files/chapter03.aux))
\openout1 = `main.aux'.

LaTeX Font Info:    Checking defaults for OML/cmm/m/it on input line 79.
LaTeX Font Info:    ... okay on input line 79.
LaTeX Font Info:    Checking defaults for T1/cmr/m/n on input line 79.
LaTeX Font Info:    ... okay on input line 79.
LaTeX Font Info:    Checking defaults for OT1/cmr/m/n on input line 79.
LaTeX Font Info:    ... okay on input line 79.
LaTeX Font Info:    Checking defaults for OMS/cmsy/m/n on input line 79.
LaTeX Font Info:    ... okay on input line 79.
LaTeX Font Info:    Checking defaults for OMX/cmex/m/n on input line 79.
LaTeX Font Info:    ... okay on input line 79.
LaTeX Font Info:    Checking defaults for U/cmr/m/n on input line 79.
LaTeX Font Info:    ... okay on input line 79.
LaTeX Font Info:    Checking defaults for C00/song/m/n on input line 79.
LaTeX Font Info:    ... okay on input line 79.
LaTeX Font Info:    Checking defaults for C05/song/m/n on input line 79.
LaTeX Font Info:    ... okay on input line 79.
LaTeX Font Info:    Checking defaults for C09/song/m/n on input line 79.
LaTeX Font Info:    ... okay on input line 79.
LaTeX Font Info:    Checking defaults for C10/song/m/n on input line 79.
LaTeX Font Info:    ... okay on input line 79.
LaTeX Font Info:    Checking defaults for C20/song/m/n on input line 79.
LaTeX Font Info:    ... okay on input line 79.
LaTeX Font Info:    Checking defaults for C19/song/m/n on input line 79.
LaTeX Font Info:    ... okay on input line 79.
LaTeX Font Info:    Checking defaults for C40/song/m/n on input line 79.
LaTeX Font Info:    ... okay on input line 79.
LaTeX Font Info:    Checking defaults for C42/song/m/n on input line 79.
LaTeX Font Info:    ... okay on input line 79.
LaTeX Font Info:    Checking defaults for C43/song/m/n on input line 79.
LaTeX Font Info:    ... okay on input line 79.
LaTeX Font Info:    Checking defaults for C50/song/m/n on input line 79.
LaTeX Font Info:    ... okay on input line 79.
LaTeX Font Info:    Checking defaults for C52/song/m/n on input line 79.
LaTeX Font Info:    ... okay on input line 79.
LaTeX Font Info:    Checking defaults for C49/song/m/n on input line 79.
LaTeX Font Info:    ... okay on input line 79.
LaTeX Font Info:    Checking defaults for C60/mj/m/n on input line 79.
LaTeX Font Info:    ... okay on input line 79.
LaTeX Font Info:    Checking defaults for C61/mj/m/n on input line 79.
LaTeX Font Info:    ... okay on input line 79.
LaTeX Font Info:    Checking defaults for C63/mj/m/n on input line 79.
LaTeX Font Info:    ... okay on input line 79.
LaTeX Font Info:    Checking defaults for C64/mj/m/n on input line 79.
LaTeX Font Info:    ... okay on input line 79.
LaTeX Font Info:    Checking defaults for C65/mj/m/n on input line 79.
LaTeX Font Info:    ... okay on input line 79.
LaTeX Font Info:    Checking defaults for C70/song/m/n on input line 79.
LaTeX Font Info:    ... okay on input line 79.
LaTeX Font Info:    Checking defaults for C31/song/m/n on input line 79.
LaTeX Font Info:    ... okay on input line 79.
LaTeX Font Info:    Checking defaults for C32/song/m/n on input line 79.
LaTeX Font Info:    ... okay on input line 79.
LaTeX Font Info:    Checking defaults for C33/song/m/n on input line 79.
LaTeX Font Info:    ... okay on input line 79.
LaTeX Font Info:    Checking defaults for C34/song/m/n on input line 79.
LaTeX Font Info:    ... okay on input line 79.
LaTeX Font Info:    Checking defaults for C35/song/m/n on input line 79.
LaTeX Font Info:    ... okay on input line 79.
LaTeX Font Info:    Checking defaults for C36/song/m/n on input line 79.
LaTeX Font Info:    ... okay on input line 79.
LaTeX Font Info:    Checking defaults for C37/song/m/n on input line 79.
LaTeX Font Info:    ... okay on input line 79.
LaTeX Font Info:    Checking defaults for C80/song/m/n on input line 79.
LaTeX Font Info:    ... okay on input line 79.
LaTeX Font Info:    Checking defaults for C81/song/m/n on input line 79.
LaTeX Font Info:    ... okay on input line 79.
LaTeX Font Info:    Checking defaults for C01/song/m/n on input line 79.
LaTeX Font Info:    ... okay on input line 79.
LaTeX Font Info:    Checking defaults for C11/song/m/n on input line 79.
LaTeX Font Info:    ... okay on input line 79.
LaTeX Font Info:    Checking defaults for C21/song/m/n on input line 79.
LaTeX Font Info:    ... okay on input line 79.
LaTeX Font Info:    Checking defaults for C41/song/m/n on input line 79.
LaTeX Font Info:    ... okay on input line 79.
LaTeX Font Info:    Checking defaults for C62/song/m/n on input line 79.
LaTeX Font Info:    ... okay on input line 79.
LaTeX Font Info:    Checking defaults for PD1/pdf/m/n on input line 79.
LaTeX Font Info:    ... okay on input line 79.
LaTeX Font Info:    Checking defaults for PU/pdf/m/n on input line 79.
LaTeX Font Info:    ... okay on input line 79.
LaTeX Font Info:    Checking defaults for TS1/cmr/m/n on input line 79.
LaTeX Font Info:    ... okay on input line 79.

(d:/Program Files (x86)/texlive/texmf-dist/tex/context/base/supp-pdf.mkii
[Loading MPS to PDF converter (version 2006.09.02).]
\scratchcounter=\count158
\scratchdimen=\dimen171
\scratchbox=\box51
\nofMPsegments=\count159
\nofMParguments=\count160
\everyMPshowfont=\toks27
\MPscratchCnt=\count161
\MPscratchDim=\dimen172
\MPnumerator=\count162
\makeMPintoPDFobject=\count163
\everyMPtoPDFconversion=\toks28
)
(d:/Program Files (x86)/texlive/texmf-dist/tex/latex/oberdiek/epstopdf-base.sty
Package: epstopdf-base 2010/02/09 v2.5 Base part for package epstopdf
(d:/Program Files (x86)/texlive/texmf-dist/tex/latex/oberdiek/grfext.sty
Package: grfext 2010/08/19 v1.1 Manage graphics extensions (HO)
)
Package grfext Info: Graphics extension search list:
(grfext)             [.png,.pdf,.jpg,.mps,.jpeg,.jbig2,.jb2,.PNG,.PDF,.JPG,.JPE
G,.JBIG2,.JB2,.eps]
(grfext)             \AppendGraphicsExtensions on input line 452.

(d:/Program Files (x86)/texlive/texmf-dist/tex/latex/latexconfig/epstopdf-sys.c
fg
File: epstopdf-sys.cfg 2010/07/13 v1.3 Configuration of (r)epstopdf for TeX Liv
e
))
\AtBeginShipoutBox=\box52
Package hyperref Info: Link coloring OFF on input line 79.
 (d:/Program Files (x86)/texlive/texmf-dist/tex/latex/hyperref/nameref.sty
Package: nameref 2012/10/27 v2.43 Cross-referencing by name of section

(d:/Program Files (x86)/texlive/texmf-dist/tex/generic/oberdiek/gettitlestring.
sty
Package: gettitlestring 2010/12/03 v1.4 Cleanup title references (HO)
)
\c@section@level=\count164
)
LaTeX Info: Redefining \ref on input line 79.
LaTeX Info: Redefining \pageref on input line 79.
LaTeX Info: Redefining \nameref on input line 79.
 (./main.out) (./main.out)
\@outlinefile=\write3
\openout3 = `main.out'.

 ABD: EverySelectfont initializing macros
LaTeX Info: Redefining \selectfont on input line 79.

(d:/Program Files (x86)/texlive/texmf-dist/tex/latex/cjk/texinput/utf8/UTF8.bdg
File: UTF8.bdg 2015/04/18 4.8.4
)
(d:/Program Files (x86)/texlive/texmf-dist/tex/latex/cjk/texinput/utf8/UTF8.enc
File: UTF8.enc 2015/04/18 4.8.4
)
(d:/Program Files (x86)/texlive/texmf-dist/tex/latex/cjk/texinput/utf8/UTF8.chr
File: UTF8.chr 2015/04/18 4.8.4
)
\c@example=\count165
\c@algorithm=\count166
\c@theorem=\count167
\c@definition=\count168
\c@axiom=\count169
\c@property=\count170
\c@proposition=\count171
\c@lemma=\count172
\c@corollary=\count173
\c@remark=\count174
\c@condition=\count175
\c@conclusion=\count176
\c@assumption=\count177
LaTeX Font Info:    Try loading font information for C70+gbsn on input line 121
.

(d:/Program Files (x86)/texlive/texmf-dist/tex/latex/cjk/texinput/utf8/c70gbsn.
fd
File: c70gbsn.fd 2015/04/18 4.8.4
)
(d:/Program Files (x86)/texlive/texmf-dist/tex/latex/cjk/texinput/utf8/c70gbsn.
fdx
File: c70gbsn.fdx 2015/04/18 4.8.4
)
LaTeX Font Info:    Try loading font information for U+msa on input line 121.
 (d:/Program Files (x86)/texlive/texmf-dist/tex/latex/amsfonts/umsa.fd
File: umsa.fd 2013/01/14 v3.01 AMS symbols A
)
LaTeX Font Info:    Try loading font information for U+msb on input line 121.

(d:/Program Files (x86)/texlive/texmf-dist/tex/latex/amsfonts/umsb.fd
File: umsb.fd 2013/01/14 v3.01 AMS symbols B
)
(d:/Program Files (x86)/texlive/texmf-dist/tex/generic/ctex/zhwindowsfonts.tex
File: zhwindowsfonts.tex 2015/07/01 v2.2 Windows font map loader for pdfTeX and
 DVIPDFMx (CTEX)
) [1



]
LaTeX Font Info:    Try loading font information for C70+hei on input line 121.

 (d:/Program Files (x86)/texlive/texmf-dist/tex/latex/zhmetrics/c70hei.fd
File: c70hei.fd 2009/09/23 4.8.2
)
Package CJKpunct Info: punctuation spaces for family 'gbsn' do not exist. Use f
amily 'def' instead. on input line 122.
LaTeX Font Info:    Calculating math sizes for size <10.5> on input line 130.

[2]
Overfull \hbox (10.20572pt too wide) in paragraph at lines 162--163
\C70/gbsn/m/n/10.5/67 $\OML/cmm/m/it/10.5 x$\C70/gbsn/m/n/10.5/66 / \C70/gbsn/
m/n/10.5/4e $\OML/cmm/m/it/10.5 z$\C70/gbsn/m/n/10.5/4e : \C70/gbsn/m/n/10.5/6
7 a \C70/gbsn/m/n/10.5/4e  \C70/gbsn/m/n/10.5/76  \C70/gbsn/m/n/10.5/52 ^^F \
C70/gbsn/m/n/10.5/5e ^^C|\C70/gbsn/m/n/10.5/ff ^^L| \C70/gbsn/m/n/10.5/90  \C7
0/gbsn/m/n/10.5/4e H \C70/gbsn/m/n/10.5/5b  \C70/gbsn/m/n/10.5/5e  \C70/gbsn/
m/n/10.5/76  \C70/gbsn/m/n/10.5/67 a \C70/gbsn/m/n/10.5/4e  \C70/gbsn/m/n/10.
5/67 ^^_ ^^[ \C70/gbsn/m/n/10.5/51  \C70/gbsn/m/n/10.5/4f \$\U/msb/m/n/10.5 E[
]\OT1/cmr/m/n/10.5 [\OML/cmm/m/it/10.5 f\OT1/cmr/m/n/10.5 (\OML/cmm/m/it/10.5 x
\OT1/cmr/m/n/10.5 )\OMS/cmsy/m/n/10.5 j\OML/cmm/m/it/10.5 z\OT1/cmr/m/n/10.5 ]$
|\C70/gbsn/m/n/10.5/30 ^^B| \C70/gbsn/m/n/10.5/54 ^^L \C70/gbsn/m/n/10.5/68 7 \
C70/gbsn/m/n/10.5/57 0|\C70/gbsn/m/n/10.5/ff ^^L| \C70/gbsn/m/n/10.5/53  \C70/
gbsn/m/n/10.5/91  \C70/gbsn/m/n/10.5/88 h \C70/gbsn/m/n/10.5/79 : \C70/gbsn/m/
n/10.5/4e :$\OML/cmm/m/it/10.5 var\OT1/cmr/m/n/10.5 [\OML/cmm/m/it/10.5 f\OT1/c
mr/m/n/10.5 (\OML/cmm/m/it/10.5 x\OT1/cmr/m/n/10.5 )]$|\C70/gbsn/m/n/10.5/ff ^^
L|
 []

LaTeX Font Info:    Try loading font information for C70+rm on input line 166.
(d:/Program Files (x86)/texlive/texmf-dist/tex/latex/ctex/fd/c70rm.fd
File: c70rm.fd 2015/07/01 v2.2 Chinese font definition (CTEX)
) [3]
[4

] (./main.toc)
\tf@toc=\write4
\openout4 = `main.toc'.

 [5] [6

]
\openout2 = `./TeX_files/chapter01.aux'.

 (./TeX_files/chapter01.tex
Chapter 1.
Package epstopdf Info: Source file: <image/Figure1-1.eps>
(epstopdf)                    date: 2008-06-17 11:18:24
(epstopdf)                    size: 66733 bytes
(epstopdf)             Output file: <image/Figure1-1-eps-converted-to.pdf>
(epstopdf)                    date: 2015-09-25 09:18:50
(epstopdf)                    size: 10603 bytes
(epstopdf)             Command: <repstopdf --outfile=image/Figure1-1-eps-conver
ted-to.pdf image/Figure1-1.eps>
(epstopdf)             \includegraphics on input line 8.
Package epstopdf Info: Output file is already uptodate.
<image/Figure1-1-eps-converted-to.pdf, id=289, 227.85126pt x 96.36pt>
File: image/Figure1-1-eps-converted-to.pdf Graphic file (type pdf)

<use image/Figure1-1-eps-converted-to.pdf>
Package pdftex.def Info: image/Figure1-1-eps-converted-to.pdf used on input lin
e 8.
(pdftex.def)             Requested size: 227.62204pt x 96.26563pt.
 [1


 <./image/Figure1-1-eps-converted-to.pdf>]
Overfull \hbox (4.06738pt too wide) in paragraph at lines 21--22
[]\C70/gbsn/m/n/10.5/8b  \C70/gbsn/bx/n/10.5/7e  \C70/gbsn/m/n/10.5/65 p \C70
/gbsn/bx/n/10.5/63 n \C70/gbsn/bx/n/10.5/53 ^^E \C70/gbsn/m/n/10.5/54 + \C70/gb
sn/bx/n/10.5/76  \C70/gbsn/m/n/10.5/68 7 \C70/gbsn/m/n/10.5/67 , \C70/gbsn/m/n
/10.5/66 / \C70/gbsn/m/n/10.5/8f  \C70/gbsn/m/n/10.5/51 e \C70/gbsn/m/n/10.5/5
4 ^^Q \C70/gbsn/m/n/10.5/91  \C70/gbsn/bx/n/10.5/5b  \C70/gbsn/bx/n/10.5/4e 
 \C70/gbsn/bx/n/10.5/76  \C70/gbsn/m/n/10.5/68 ^^G \C70/gbsn/m/n/10.5/54 ^^Q \
C70/gbsn/m/n/10.5/91  \C70/gbsn/bx/n/10.5/76  \C70/gbsn/m/n/10.5/5e  \C70/gb
sn/m/n/10.5/75 ( \C70/gbsn/m/n/10.5/66 / \C70/gbsn/bx/n/10.5/76 [][] \C70/gbsn
/bx/n/10.5/77 c[][] \C70/gbsn/bx/n/10.5/5b f[][] \C70/gbsn/bx/n/10.5/4e `[][]\O
T1/cmr/m/n/10.5 (\OT1/cmr/m/it/10.5 supervised learn-ing\OT1/cmr/m/n/10.5 )\C70
/gbsn/bx/n/10.5/95 
 []

[2]
Package CJKpunct Info: punctuation spaces for family 'hei' do not exist. Use fa
mily 'def' instead. on input line 29.
Package epstopdf Info: Source file: <image/Figure1-2.eps>
(epstopdf)                    date: 2008-06-17 10:53:02
(epstopdf)                    size: 68512 bytes
(epstopdf)             Output file: <image/Figure1-2-eps-converted-to.pdf>
(epstopdf)                    date: 2015-10-03 22:10:33
(epstopdf)                    size: 7648 bytes
(epstopdf)             Command: <repstopdf --outfile=image/Figure1-2-eps-conver
ted-to.pdf image/Figure1-2.eps>
(epstopdf)             \includegraphics on input line 36.
Package epstopdf Info: Output file is already uptodate.
 <image/Figure1-2-eps-converted-to.pdf, id=308, 209.78375pt x 155.58125pt>
File: image/Figure1-2-eps-converted-to.pdf Graphic file (type pdf)

<use image/Figure1-2-eps-converted-to.pdf>
Package pdftex.def Info: image/Figure1-2-eps-converted-to.pdf used on input lin
e 36.
(pdftex.def)             Requested size: 227.62204pt x 168.81102pt.

Overfull \hbox (19.0633pt too wide) in paragraph at lines 36--36
[][] 
 []

Package CJKpunct Info: use punctuation spaces for family 'rm' with punctstyle (
quanjiao) on input line 42.
[3] <image/Figure1-3.png, id=327, 207.77625pt x 156.585pt>
File: image/Figure1-3.png Graphic file (type png)

<use image/Figure1-3.png>
Package pdftex.def Info: image/Figure1-3.png used on input line 60.
(pdftex.def)             Requested size: 227.62204pt x 171.54874pt.

Overfull \hbox (19.0633pt too wide) in paragraph at lines 60--60
[][] 
 []

Package epstopdf Info: Source file: <image/Figure1-4a.eps>
(epstopdf)                    date: 2008-06-17 10:52:12
(epstopdf)                    size: 172927 bytes
(epstopdf)             Output file: <image/Figure1-4a-eps-converted-to.pdf>
(epstopdf)                    date: 2015-11-09 22:05:26
(epstopdf)                    size: 8990 bytes
(epstopdf)             Command: <repstopdf --outfile=image/Figure1-4a-eps-conve
rted-to.pdf image/Figure1-4a.eps>
(epstopdf)             \includegraphics on input line 70.
Package epstopdf Info: Output file is already uptodate.
<image/Figure1-4a-eps-converted-to.pdf, id=329, 209.78375pt x 155.58125pt>
File: image/Figure1-4a-eps-converted-to.pdf Graphic file (type pdf)

<use image/Figure1-4a-eps-converted-to.pdf>
Package pdftex.def Info: image/Figure1-4a-eps-converted-to.pdf used on input li
ne 70.
(pdftex.def)             Requested size: 227.62204pt x 168.81102pt.
Package epstopdf Info: Source file: <image/Figure1-4b.eps>
(epstopdf)                    date: 2008-06-17 10:52:12
(epstopdf)                    size: 172927 bytes
(epstopdf)             Output file: <image/Figure1-4b-eps-converted-to.pdf>
(epstopdf)                    date: 2015-11-09 22:06:39
(epstopdf)                    size: 10420 bytes
(epstopdf)             Command: <repstopdf --outfile=image/Figure1-4b-eps-conve
rted-to.pdf image/Figure1-4b.eps>
(epstopdf)             \includegraphics on input line 71.
Package epstopdf Info: Output file is already uptodate.

<image/Figure1-4b-eps-converted-to.pdf, id=330, 209.78375pt x 155.58125pt>
File: image/Figure1-4b-eps-converted-to.pdf Graphic file (type pdf)

<use image/Figure1-4b-eps-converted-to.pdf>
Package pdftex.def Info: image/Figure1-4b-eps-converted-to.pdf used on input li
ne 71.
(pdftex.def)             Requested size: 227.62204pt x 168.81102pt.
Package epstopdf Info: Source file: <image/Figure1-4c.eps>
(epstopdf)                    date: 2008-06-17 10:52:12
(epstopdf)                    size: 173083 bytes
(epstopdf)             Output file: <image/Figure1-4c-eps-converted-to.pdf>
(epstopdf)                    date: 2015-11-09 22:06:40
(epstopdf)                    size: 10418 bytes
(epstopdf)             Command: <repstopdf --outfile=image/Figure1-4c-eps-conve
rted-to.pdf image/Figure1-4c.eps>
(epstopdf)             \includegraphics on input line 72.
Package epstopdf Info: Output file is already uptodate.

<image/Figure1-4c-eps-converted-to.pdf, id=331, 209.78375pt x 155.58125pt>
File: image/Figure1-4c-eps-converted-to.pdf Graphic file (type pdf)

<use image/Figure1-4c-eps-converted-to.pdf>
Package pdftex.def Info: image/Figure1-4c-eps-converted-to.pdf used on input li
ne 72.
(pdftex.def)             Requested size: 227.62204pt x 168.81102pt.
Package epstopdf Info: Source file: <image/Figure1-4d.eps>
(epstopdf)                    date: 2008-06-17 10:52:12
(epstopdf)                    size: 173006 bytes
(epstopdf)             Output file: <image/Figure1-4d-eps-converted-to.pdf>
(epstopdf)                    date: 2015-11-09 22:06:41
(epstopdf)                    size: 10203 bytes
(epstopdf)             Command: <repstopdf --outfile=image/Figure1-4d-eps-conve
rted-to.pdf image/Figure1-4d.eps>
(epstopdf)             \includegraphics on input line 73.
Package epstopdf Info: Output file is already uptodate.

<image/Figure1-4d-eps-converted-to.pdf, id=332, 209.78375pt x 155.58125pt>
File: image/Figure1-4d-eps-converted-to.pdf Graphic file (type pdf)

<use image/Figure1-4d-eps-converted-to.pdf>
Package pdftex.def Info: image/Figure1-4d-eps-converted-to.pdf used on input li
ne 73.
(pdftex.def)             Requested size: 227.62204pt x 168.81102pt.

Overfull \hbox (40.73767pt too wide) in paragraph at lines 70--75
[][] []
 []


Overfull \hbox (40.73767pt too wide) in paragraph at lines 70--75
[] [] 
 []

[4 <./image/Figure1-2-eps-converted-to.pdf>]
Overfull \hbox (0.94215pt too wide) in paragraph at lines 78--79
\C70/gbsn/bx/n/10.5/4e ^^T \C70/gbsn/bx/n/10.5/5b  \C70/gbsn/bx/n/10.5/4e  \C
70/gbsn/m/n/10.5/51  \C70/gbsn/m/n/10.5/65 p$\OML/cmm/m/it/10.5 sin\OT1/cmr/m/
n/10.5 (2\OML/cmm/m/it/10.5 ^^Yx\OT1/cmr/m/n/10.5 )$\C70/gbsn/m/n/10.5/88 h \C7
0/gbsn/m/n/10.5/79 : \C70/gbsn/bx/n/10.5/4e _ \C70/gbsn/m/n/10.5/88 h \C70/gbsn
/m/n/10.5/73  \C70/gbsn/bx/n/10.5/5f  \C70/gbsn/m/n/10.5/5d |\C70/gbsn/m/n/1
0.5/30 ^^B| \C70/gbsn/m/n/10.5/59  \C70/gbsn/bx/n/10.5/56 \OT1/cmr/m/n/10.5 1
.4\C70/gbsn/m/n/10.5/62 @ \C70/gbsn/m/n/10.5/79 : \C70/gbsn/bx/n/10.5/76  \C70
/gbsn/bx/n/10.5/4f  \C70/gbsn/bx/n/10.5/5b P|\C70/gbsn/m/n/10.5/ff ^^L| \C70/g
bsn/bx/n/10.5/4e 	 \C70/gbsn/m/n/10.5/6b ! \C70/gbsn/m/n/10.5/59 ^^Z \C70/gbsn/
bx/n/10.5/98 y \C70/gbsn/bx/n/10.5/5f ^^O \C70/gbsn/bx/n/10.5/5b  \C70/gbsn/bx
/n/10.5/4e  \C70/gbsn/m/n/10.5/51  \C70/gbsn/m/n/10.5/65 p$\OML/cmm/m/it/10.5
 sin\OT1/cmr/m/n/10.5 (2\OML/cmm/m/it/10.5 ^^Yx\OT1/cmr/m/n/10.5 )$\C70/gbsn/bx
/n/10.5/4f <
 []


Overfull \hbox (8.56372pt too wide) in paragraph at lines 80--81
\C70/gbsn/m/n/10.5/50 <$\OML/cmm/m/it/10.5 E\OT1/cmr/m/n/10.5 (\OT1/cmr/bx/n/10
.5 w[]\OT1/cmr/m/n/10.5 )$|\C70/gbsn/m/n/10.5/ff ^^L| \C70/gbsn/bx/n/10.5/5e v 
\C70/gbsn/bx/n/10.5/4e ^^T \C70/gbsn/m/n/10.5/62 ^^Q \C70/gbsn/bx/n/10.5/4e  _
 \C70/gbsn/bx/n/10.5/53  \C70/gbsn/bx/n/10.5/4e  \C70/gbsn/bx/n/10.5/5b  \C7
0/gbsn/bx/n/10.5/4e  \C70/gbsn/m/n/10.5/6d K \C70/gbsn/bx/n/10.5/8b  \C70/gbs
n/m/n/10.5/65 p \C70/gbsn/bx/n/10.5/63 n \C70/gbsn/m/n/10.5/96  \C70/gbsn/m/n/
10.5/67 e \C70/gbsn/bx/n/10.5/8b  \C70/gbsn/bx/n/10.5/4e $\OML/cmm/m/it/10.5 
E\OT1/cmr/m/n/10.5 (\OT1/cmr/bx/n/10.5 w[]\OT1/cmr/m/n/10.5 )$|\C70/gbsn/m/n/10
.5/30 ^^B| \C70/gbsn/m/n/10.5/90 ^^Z \C70/gbsn/bx/n/10.5/5e 8 \C70/gbsn/m/n/10.
5/62 ^^Q \C70/gbsn/bx/n/10.5/4e  \C70/gbsn/bx/n/10.5/4f ^^? \C70/gbsn/m/n/10.5
/75 ( \C70/gbsn/m/n/10.5/57 G \C70/gbsn/m/n/10.5/65  \C70/gbsn/m/n/10.5/68 9 \
C70/gbsn/bx/n/10.5/8b  \C70/gbsn/m/n/10.5/5d \OT1/cmr/m/n/10.5 (RMS)\C70/gbsn
/m/n/10.5/67 e
 []

Package epstopdf Info: Source file: <image/Figure1-5.eps>
(epstopdf)                    date: 2008-06-17 10:52:14
(epstopdf)                    size: 164671 bytes
(epstopdf)             Output file: <image/Figure1-5-eps-converted-to.pdf>
(epstopdf)                    date: 2015-11-14 21:25:49
(epstopdf)                    size: 10624 bytes
(epstopdf)             Command: <repstopdf --outfile=image/Figure1-5-eps-conver
ted-to.pdf image/Figure1-5.eps>
(epstopdf)             \includegraphics on input line 90.
Package epstopdf Info: Output file is already uptodate.
<image/Figure1-5-eps-converted-to.pdf, id=353, 206.7725pt x 150.5625pt>
File: image/Figure1-5-eps-converted-to.pdf Graphic file (type pdf)

<use image/Figure1-5-eps-converted-to.pdf>
Package pdftex.def Info: image/Figure1-5-eps-converted-to.pdf used on input lin
e 90.
(pdftex.def)             Requested size: 227.62204pt x 165.7479pt.

Overfull \hbox (19.0633pt too wide) in paragraph at lines 90--90
[][] 
 []

[5 <./image/Figure1-3.png (PNG copy)>]
Overfull \hbox (4.7493pt too wide) in paragraph at lines 98--99
[]\C70/gbsn/m/n/10.5/62 ^^Q \C70/gbsn/bx/n/10.5/4e  \C70/gbsn/bx/n/10.5/53  \
C70/gbsn/bx/n/10.5/4e  \C70/gbsn/m/n/10.5/90 ^^Z \C70/gbsn/m/n/10.5/8f  \C70/
gbsn/m/n/10.5/68  \C70/gbsn/m/n/10.5/9a  \C70/gbsn/bx/n/10.5/4e  \C70/gbsn/m
/n/10.5/54 ^^D \C70/gbsn/m/n/10.5/79  \C70/gbsn/m/n/10.5/96 6 \C70/gbsn/m/n/10
.5/65 p \C70/gbsn/bx/n/10.5/76  \C70/gbsn/m/n/10.5/59 ^^Z \C70/gbsn/bx/n/10.5/
98 y \C70/gbsn/bx/n/10.5/5f ^^O  \C70/gbsn/bx/n/10.5/52 0 \C70/gbsn/bx/n/10.5/
76  \C70/gbsn/bx/n/10.5/7c  \C70/gbsn/m/n/10.5/65 p \C70/gbsn/m/n/10.5/50 < \
C70/gbsn/m/n/10.5/67 e \C70/gbsn/bx/n/10.5/5f  \C70/gbsn/bx/n/10.5/52 0 \C70/g
bsn/bx/n/10.5/4e ^^@  \C70/gbsn/m/n/10.5/6d  \C70/gbsn/m/n/10.5/51 e \C70/gbs
n/bx/n/10.5/76  \C70/gbsn/bx/n/10.5/95  \C70/gbsn/bx/n/10.5/98 |\C70/gbsn/m/
n/10.5/ff ^^L| \C70/gbsn/m/n/10.5/59  \C70/gbsn/m/n/10.5/88 h\OT1/cmr/m/n/10.5
 1.1\C70/gbsn/m/n/10.5/62 @
 []


Overfull \hbox (26.20906pt too wide) in paragraph at lines 119--119
[][] 
 []


Underfull \vbox (badness 2460) has occurred while \output is active []

 [6 <./image/Figure1-4a-eps-converted-to.pdf> <./image/Figure1-4b-eps-converted
-to.pdf> <./image/Figure1-4c-eps-converted-to.pdf> <./image/Figure1-4d-eps-conv
erted-to.pdf>]
Package epstopdf Info: Source file: <image/Figure1-6a.eps>
(epstopdf)                    date: 2008-06-17 10:52:48
(epstopdf)                    size: 173379 bytes
(epstopdf)             Output file: <image/Figure1-6a-eps-converted-to.pdf>
(epstopdf)                    date: 2015-11-14 20:29:26
(epstopdf)                    size: 10808 bytes
(epstopdf)             Command: <repstopdf --outfile=image/Figure1-6a-eps-conve
rted-to.pdf image/Figure1-6a.eps>
(epstopdf)             \includegraphics on input line 126.
Package epstopdf Info: Output file is already uptodate.
 <image/Figure1-6a-eps-converted-to.pdf, id=408, 209.78375pt x 155.58125pt>
File: image/Figure1-6a-eps-converted-to.pdf Graphic file (type pdf)

<use image/Figure1-6a-eps-converted-to.pdf>
Package pdftex.def Info: image/Figure1-6a-eps-converted-to.pdf used on input li
ne 126.
(pdftex.def)             Requested size: 227.62204pt x 168.81102pt.
Package epstopdf Info: Source file: <image/Figure1-6b.eps>
(epstopdf)                    date: 2008-06-17 10:52:50
(epstopdf)                    size: 175517 bytes
(epstopdf)             Output file: <image/Figure1-6b-eps-converted-to.pdf>
(epstopdf)                    date: 2015-11-14 20:29:27
(epstopdf)                    size: 15439 bytes
(epstopdf)             Command: <repstopdf --outfile=image/Figure1-6b-eps-conve
rted-to.pdf image/Figure1-6b.eps>
(epstopdf)             \includegraphics on input line 127.
Package epstopdf Info: Output file is already uptodate.

<image/Figure1-6b-eps-converted-to.pdf, id=409, 209.78375pt x 155.58125pt>
File: image/Figure1-6b-eps-converted-to.pdf Graphic file (type pdf)

<use image/Figure1-6b-eps-converted-to.pdf>
Package pdftex.def Info: image/Figure1-6b-eps-converted-to.pdf used on input li
ne 127.
(pdftex.def)             Requested size: 227.62204pt x 168.81102pt.

Overfull \hbox (40.73767pt too wide) in paragraph at lines 126--128
[][] [] 
 []


Underfull \vbox (badness 4108) has occurred while \output is active []

 [7 <./image/Figure1-5-eps-converted-to.pdf>]
Package epstopdf Info: Source file: <image/Figure1-7a.eps>
(epstopdf)                    date: 2008-06-17 10:52:16
(epstopdf)                    size: 223546 bytes
(epstopdf)             Output file: <image/Figure1-7a-eps-converted-to.pdf>
(epstopdf)                    date: 2015-11-14 23:09:01
(epstopdf)                    size: 11659 bytes
(epstopdf)             Command: <repstopdf --outfile=image/Figure1-7a-eps-conve
rted-to.pdf image/Figure1-7a.eps>
(epstopdf)             \includegraphics on input line 147.
Package epstopdf Info: Output file is already uptodate.

<image/Figure1-7a-eps-converted-to.pdf, id=459, 209.78375pt x 155.58125pt>
File: image/Figure1-7a-eps-converted-to.pdf Graphic file (type pdf)

<use image/Figure1-7a-eps-converted-to.pdf>
Package pdftex.def Info: image/Figure1-7a-eps-converted-to.pdf used on input li
ne 147.
(pdftex.def)             Requested size: 227.62204pt x 168.81102pt.
Package epstopdf Info: Source file: <image/Figure1-7b.eps>
(epstopdf)                    date: 2008-06-17 10:52:16
(epstopdf)                    size: 173129 bytes
(epstopdf)             Output file: <image/Figure1-7b-eps-converted-to.pdf>
(epstopdf)                    date: 2015-11-14 23:09:02
(epstopdf)                    size: 10155 bytes
(epstopdf)             Command: <repstopdf --outfile=image/Figure1-7b-eps-conve
rted-to.pdf image/Figure1-7b.eps>
(epstopdf)             \includegraphics on input line 148.
Package epstopdf Info: Output file is already uptodate.

<image/Figure1-7b-eps-converted-to.pdf, id=460, 209.78375pt x 155.58125pt>
File: image/Figure1-7b-eps-converted-to.pdf Graphic file (type pdf)

<use image/Figure1-7b-eps-converted-to.pdf>
Package pdftex.def Info: image/Figure1-7b-eps-converted-to.pdf used on input li
ne 148.
(pdftex.def)             Requested size: 227.62204pt x 168.81102pt.

Overfull \hbox (40.73767pt too wide) in paragraph at lines 147--149
[][] [] 
 []


Overfull \hbox (9.22858pt too wide) in paragraph at lines 172--172
[][] 
 []

Package epstopdf Info: Source file: <image/Figure1-8.eps>
(epstopdf)                    date: 2008-06-17 10:52:14
(epstopdf)                    size: 267966 bytes
(epstopdf)             Output file: <image/Figure1-8-eps-converted-to.pdf>
(epstopdf)                    date: 2015-11-15 19:21:53
(epstopdf)                    size: 11371 bytes
(epstopdf)             Command: <repstopdf --outfile=image/Figure1-8-eps-conver
ted-to.pdf image/Figure1-8.eps>
(epstopdf)             \includegraphics on input line 179.
Package epstopdf Info: Output file is already uptodate.
<image/Figure1-8-eps-converted-to.pdf, id=461, 206.7725pt x 150.5625pt>
File: image/Figure1-8-eps-converted-to.pdf Graphic file (type pdf)

<use image/Figure1-8-eps-converted-to.pdf>
Package pdftex.def Info: image/Figure1-8-eps-converted-to.pdf used on input lin
e 179.
(pdftex.def)             Requested size: 227.62204pt x 165.7479pt.

Overfull \hbox (19.0633pt too wide) in paragraph at lines 179--179
[][] 
 []

[8 <./image/Figure1-6a-eps-converted-to.pdf> <./image/Figure1-6b-eps-converted-
to.pdf>]
Package epstopdf Info: Source file: <image/Figure1-9.eps>
(epstopdf)                    date: 2008-06-17 16:46:36
(epstopdf)                    size: 14703 bytes
(epstopdf)             Output file: <image/Figure1-9-eps-converted-to.pdf>
(epstopdf)                    date: 2015-11-15 19:21:53
(epstopdf)                    size: 3930 bytes
(epstopdf)             Command: <repstopdf --outfile=image/Figure1-9-eps-conver
ted-to.pdf image/Figure1-9.eps>
(epstopdf)             \includegraphics on input line 191.
Package epstopdf Info: Output file is already uptodate.

<image/Figure1-9-eps-converted-to.pdf, id=498, 203.76125pt x 133.49875pt>
File: image/Figure1-9-eps-converted-to.pdf Graphic file (type pdf)

<use image/Figure1-9-eps-converted-to.pdf>
Package pdftex.def Info: image/Figure1-9-eps-converted-to.pdf used on input lin
e 191.
(pdftex.def)             Requested size: 227.62204pt x 149.13866pt.

Overfull \hbox (19.0633pt too wide) in paragraph at lines 191--191
[][] 
 []

[9 <./image/Figure1-7a-eps-converted-to.pdf> <./image/Figure1-7b-eps-converted-
to.pdf>]
Overfull \hbox (4.65938pt too wide) in paragraph at lines 198--199
\C70/gbsn/bx/n/10.5/7e  \C70/gbsn/m/n/10.5/7b  \C70/gbsn/bx/n/10.5/5b P \C70/
gbsn/bx/n/10.5/76  \C70/gbsn/m/n/10.5/69  \C70/gbsn/m/n/10.5/73  \C70/gbsn/b
x/n/10.5/4e :\OT1/cmr/m/n/10.5 4/10.\C70/gbsn/m/n/10.5/90 	 \C70/gbsn/m/n/10.5/
62  \C70/gbsn/m/n/10.5/84  \C70/gbsn/m/n/10.5/7b  \C70/gbsn/bx/n/10.5/5b P \
C70/gbsn/bx/n/10.5/76  \C70/gbsn/m/n/10.5/69  \C70/gbsn/m/n/10.5/73  \C70/gb
sn/bx/n/10.5/4e :\OT1/cmr/m/n/10.5 6/10|\C70/gbsn/m/n/10.5/30 ^^B| \C70/gbsn/m/
n/10.5/62 ^^Q \C70/gbsn/bx/n/10.5/4e  \C70/gbsn/m/n/10.5/75 ( \C70/gbsn/m/n/10
.5/69  \C70/gbsn/m/n/10.5/73  \C70/gbsn/bx/n/10.5/67 e \C70/gbsn/bx/n/10.5/51
  \C70/gbsn/m/n/10.5/62 ^^P$\OML/cmm/m/it/10.5 p\OT1/cmr/m/n/10.5 (\OML/cmm/m/
it/10.5 B \OT1/cmr/m/n/10.5 = \OML/cmm/m/it/10.5 r\OT1/cmr/m/n/10.5 ) = 4\OML/c
mm/m/it/10.5 =\OT1/cmr/m/n/10.5 10$\C70/gbsn/m/n/10.5/54 $\OML/cmm/m/it/10.5 p
\OT1/cmr/m/n/10.5 (\OML/cmm/m/it/10.5 B \OT1/cmr/m/n/10.5 =
 []

[10 <./image/Figure1-8-eps-converted-to.pdf> <./image/Figure1-9-eps-converted-t
o.pdf>] <image/Figure1-10.png, id=572, 568.37344pt x 386.94562pt>
File: image/Figure1-10.png Graphic file (type png)

<use image/Figure1-10.png>
Package pdftex.def Info: image/Figure1-10.png used on input line 204.
(pdftex.def)             Requested size: 227.62204pt x 154.96443pt.

Overfull \hbox (102.48552pt too wide) in paragraph at lines 204--204
[][] 
 []

[11 <./image/Figure1-10.png>]
Package epstopdf Info: Source file: <image/Figure1-11a.eps>
(epstopdf)                    date: 2008-06-17 11:12:08
(epstopdf)                    size: 229888 bytes
(epstopdf)             Output file: <image/Figure1-11a-eps-converted-to.pdf>
(epstopdf)                    date: 2015-11-17 22:52:45
(epstopdf)                    size: 9545 bytes
(epstopdf)             Command: <repstopdf --outfile=image/Figure1-11a-eps-conv
erted-to.pdf image/Figure1-11a.eps>
(epstopdf)             \includegraphics on input line 276.
Package epstopdf Info: Output file is already uptodate.

<image/Figure1-11a-eps-converted-to.pdf, id=587, 212.795pt x 147.55125pt>
File: image/Figure1-11a-eps-converted-to.pdf Graphic file (type pdf)

<use image/Figure1-11a-eps-converted-to.pdf>
Package pdftex.def Info: image/Figure1-11a-eps-converted-to.pdf used on input l
ine 276.
(pdftex.def)             Requested size: 227.62204pt x 157.83998pt.
Package epstopdf Info: Source file: <image/Figure1-11b.eps>
(epstopdf)                    date: 2008-06-17 11:12:08
(epstopdf)                    size: 117895 bytes
(epstopdf)             Output file: <image/Figure1-11b-eps-converted-to.pdf>
(epstopdf)                    date: 2015-11-17 22:52:46
(epstopdf)                    size: 5187 bytes
(epstopdf)             Command: <repstopdf --outfile=image/Figure1-11b-eps-conv
erted-to.pdf image/Figure1-11b.eps>
(epstopdf)             \includegraphics on input line 277.
Package epstopdf Info: Output file is already uptodate.

<image/Figure1-11b-eps-converted-to.pdf, id=588, 212.795pt x 147.55125pt>
File: image/Figure1-11b-eps-converted-to.pdf Graphic file (type pdf)

<use image/Figure1-11b-eps-converted-to.pdf>
Package pdftex.def Info: image/Figure1-11b-eps-converted-to.pdf used on input l
ine 277.
(pdftex.def)             Requested size: 227.62204pt x 157.83998pt.
Package epstopdf Info: Source file: <image/Figure1-11c.eps>
(epstopdf)                    date: 2008-06-17 11:12:08
(epstopdf)                    size: 118669 bytes
(epstopdf)             Output file: <image/Figure1-11c-eps-converted-to.pdf>
(epstopdf)                    date: 2015-11-17 22:52:47
(epstopdf)                    size: 5426 bytes
(epstopdf)             Command: <repstopdf --outfile=image/Figure1-11c-eps-conv
erted-to.pdf image/Figure1-11c.eps>
(epstopdf)             \includegraphics on input line 278.
Package epstopdf Info: Output file is already uptodate.

<image/Figure1-11c-eps-converted-to.pdf, id=589, 212.795pt x 147.55125pt>
File: image/Figure1-11c-eps-converted-to.pdf Graphic file (type pdf)

<use image/Figure1-11c-eps-converted-to.pdf>
Package pdftex.def Info: image/Figure1-11c-eps-converted-to.pdf used on input l
ine 278.
(pdftex.def)             Requested size: 227.62204pt x 157.83998pt.
Package epstopdf Info: Source file: <image/Figure1-11d.eps>
(epstopdf)                    date: 2008-06-17 11:12:08
(epstopdf)                    size: 220439 bytes
(epstopdf)             Output file: <image/Figure1-11d-eps-converted-to.pdf>
(epstopdf)                    date: 2015-11-17 22:52:48
(epstopdf)                    size: 6689 bytes
(epstopdf)             Command: <repstopdf --outfile=image/Figure1-11d-eps-conv
erted-to.pdf image/Figure1-11d.eps>
(epstopdf)             \includegraphics on input line 279.
Package epstopdf Info: Output file is already uptodate.

<image/Figure1-11d-eps-converted-to.pdf, id=590, 212.795pt x 147.55125pt>
File: image/Figure1-11d-eps-converted-to.pdf Graphic file (type pdf)

<use image/Figure1-11d-eps-converted-to.pdf>
Package pdftex.def Info: image/Figure1-11d-eps-converted-to.pdf used on input l
ine 279.
(pdftex.def)             Requested size: 227.62204pt x 157.83998pt.

Overfull \hbox (40.73767pt too wide) in paragraph at lines 276--280
[][] []
 []


Overfull \hbox (40.73767pt too wide) in paragraph at lines 276--280
[] [] 
 []

[12] [13 <./image/Figure1-11a-eps-converted-to.pdf> <./image/Figure1-11b-eps-co
nverted-to.pdf> <./image/Figure1-11c-eps-converted-to.pdf> <./image/Figure1-11d
-eps-converted-to.pdf>] [14]
<image/Figure1-12.png, id=647, 682.04813pt x 493.0922pt>
File: image/Figure1-12.png Graphic file (type png)

<use image/Figure1-12.png>
Package pdftex.def Info: image/Figure1-12.png used on input line 354.
(pdftex.def)             Requested size: 227.62204pt x 164.5643pt.

Overfull \hbox (19.0633pt too wide) in paragraph at lines 354--354
[][] 
 []

[15 <./image/Figure1-12.png>] [16] [17]
Overfull \hbox (5.21584pt too wide) in paragraph at lines 485--486
[]\C70/gbsn/m/n/10.5/59  \C70/gbsn/bx/n/10.5/67  \C70/gbsn/m/n/10.5/62 ^^Q \C
70/gbsn/bx/n/10.5/4e  \C70/gbsn/bx/n/10.5/80 ^^C \C70/gbsn/m/n/10.5/86 Q \C70/
gbsn/m/n/10.5/54 ^^Q \C70/gbsn/bx/n/10.5/91 \OT1/cmr/bx/n/10.5 x\C70/gbsn/m/n/
10.5/54  \C70/gbsn/m/n/10.5/81  \C70/gbsn/m/n/10.5/8e  \C70/gbsn/bx/n/10.5/7
6  \C70/gbsn/bx/n/10.5/53 O \C70/gbsn/bx/n/10.5/65  \C70/gbsn/bx/n/10.5/5d |
\C70/gbsn/m/n/10.5/ff ^^L| \C70/gbsn/m/n/10.5/62 ^^Q \C70/gbsn/bx/n/10.5/4e  \
C70/gbsn/bx/n/10.5/53  \C70/gbsn/bx/n/10.5/4e  \C70/gbsn/bx/n/10.5/4f ^^? \C7
0/gbsn/m/n/10.5/75 ( \C70/gbsn/m/n/10.5/7b  \C70/gbsn/bx/n/10.5/53 U \C70/gbsn
/bx/n/10.5/76  \C70/gbsn/m/n/10.5/7b & \C70/gbsn/bx/n/10.5/53  \C70/gbsn/bx/n
/10.5/67 e \C70/gbsn/bx/n/10.5/88 h \C70/gbsn/m/n/10.5/79 :$[]\OT1/cmr/m/n/10.5
 [[]] \OMS/cmsy/m/n/10.5 ^^Q []\OT1/cmr/m/n/10.5 [[]\OML/cmm/m/it/10.5 ; []\OT1
/cmr/m/n/10.5 ]$. 
 []

[18] [19]
Overfull \hbox (4.65079pt too wide) in paragraph at lines 522--523
\C70/gbsn/bx/n/10.5/51 v \C70/gbsn/bx/n/10.5/4e - \C70/gbsn/bx/n/10.5/59 ^^Z \C
70/gbsn/bx/n/10.5/4e * \C70/gbsn/bx/n/10.5/65 p \C70/gbsn/bx/n/10.5/63 n \C70/g
bsn/m/n/10.5/96  \C70/gbsn/m/n/10.5/90 ^^Z \C70/gbsn/m/n/10.5/8f  \C70/gbsn/b
x/n/10.5/4e  \C70/gbsn/m/n/10.5/97 b \C70/gbsn/bx/n/10.5/76  \C70/gbsn/bx/n/1
0.5/65  \C70/gbsn/bx/n/10.5/5f ^^O \C70/gbsn/bx/n/10.5/67 e \C70/gbsn/bx/n/10.
5/4e  \C70/gbsn/m/n/10.5/75 ^^_|\C70/gbsn/m/n/10.5/30 ^^B| \C70/gbsn/bx/n/10.5
/50 G \C70/gbsn/bx/n/10.5/8b  \C70/gbsn/m/n/10.5/62 ^^Q \C70/gbsn/bx/n/10.5/4e
  \C70/gbsn/bx/n/10.5/53  \C70/gbsn/bx/n/10.5/59  \C70/gbsn/bx/n/10.5/65 p \
C70/gbsn/bx/n/10.5/63 n \C70/gbsn/m/n/10.5/96  \C70/gbsn/bx/n/10.5/53 ^^E \C70
/gbsn/m/n/10.5/54 +\OT1/cmr/m/it/10.5 N \C70/gbsn/bx/n/10.5/4e * \C70/gbsn/m/n/
10.5/70 $[] \OT1/cmr/m/n/10.5 = \OMS/cmsy/m/n/10.5 f[][]\OML/cmm/m/it/10.5 ; [
] ; [][]\OMS/cmsy/m/n/10.5 g$|\C70/gbsn/m/n/10.5/30 ^^B|
 []


Overfull \hbox (2.1958pt too wide) in paragraph at lines 522--523
\C70/gbsn/m/n/10.5/57 ($[][]$\C70/gbsn/bx/n/10.5/4e - \C70/gbsn/m/n/10.5/66 / \
C70/gbsn/bx/n/10.5/91  \C70/gbsn/bx/n/10.5/59 ^^M \C70/gbsn/bx/n/10.5/76 |\C7
0/gbsn/m/n/10.5/ff ^^L| \C70/gbsn/bx/n/10.5/53  \C70/gbsn/bx/n/10.5/4e K|\C70/
gbsn/m/n/10.5/ff ^^L| \C70/gbsn/m/n/10.5/57 ($[]$\C70/gbsn/bx/n/10.5/4e - \C70/
gbsn/bx/n/10.5/76  \C70/gbsn/bx/n/10.5/67 	 \C70/gbsn/bx/n/10.5/4e  \C70/gbsn
/m/n/10.5/70  \C70/gbsn/bx/n/10.5/4e ^^M \C70/gbsn/bx/n/10.5/4f ^^Z \C70/gbsn/
bx/n/10.5/51  \C70/gbsn/bx/n/10.5/73  \C70/gbsn/m/n/10.5/57 ($[][]$\C70/gbsn/
bx/n/10.5/4e -|\C70/gbsn/m/n/10.5/30 ^^B| \C70/gbsn/m/n/10.5/8f  \C70/gbsn/bx/
n/10.5/4e * \C70/gbsn/m/n/10.5/8f  \C70/gbsn/m/n/10.5/7a  \C70/gbsn/bx/n/10.5
/53  \C70/gbsn/bx/n/10.5/4e  \C70/gbsn/bx/n/10.5/91  \C70/gbsn/bx/n/10.5/59 
^^M\OT1/cmr/m/it/10.5 L\C70/gbsn/m/n/10.5/6b ! \C70/gbsn/bx/n/10.5/4e  \C70/gb
sn/m/n/10.5/75 ^^_\OT1/cmr/m/it/10.5 L\C70/gbsn/bx/n/10.5/4e *
 []

[20]
Overfull \hbox (4.56844pt too wide) in paragraph at lines 545--546
[]\C70/gbsn/bx/n/10.5/51 l \C70/gbsn/bx/n/10.5/5f ^^O \C70/gbsn/m/n/10.5/75 1 \
C70/gbsn/bx/n/10.5/4e $ * \C70/gbsn/bx/n/10.5/53  \C70/gbsn/bx/n/10.5/65 p \C7
0/gbsn/bx/n/10.5/78 n \C70/gbsn/bx/n/10.5/5b |\C70/gbsn/m/n/10.5/ff ^^L| \C70/
gbsn/bx/n/10.5/4e ^^@ * \C70/gbsn/m/n/10.5/66 / \C70/gbsn/m/n/10.5/57 G \C70/gb
sn/bx/n/10.5/50 <$\OML/cmm/m/it/10.5 ^^V$|\C70/gbsn/m/n/10.5/ff ^^L| \C70/gbsn/
bx/n/10.5/4e ^^@ * \C70/gbsn/m/n/10.5/66 / \C70/gbsn/bx/n/10.5/65  \C70/gbsn/b
x/n/10.5/5d $\OML/cmm/m/it/10.5 ^^[[]$|\C70/gbsn/m/n/10.5/30 ^^B| \C70/gbsn/bx
/n/10.5/65  \C70/gbsn/bx/n/10.5/5d  \C70/gbsn/bx/n/10.5/76  \C70/gbsn/bx/n/1
0.5/5f ^^@ \C70/gbsn/bx/n/10.5/65 $\OML/cmm/m/it/10.5 ^^[$\C70/gbsn/m/n/10.5/7
9  \C70/gbsn/bx/n/10.5/4e : \C70/gbsn/bx/n/10.5/68 ^^G[][] \C70/gbsn/bx/n/10.5
/51 [][] \C70/gbsn/bx/n/10.5/5d [][]\OT1/cmr/m/n/10.5 (\OT1/cmr/m/it/10.5 sta
ndard
 []

<image/Figure1-13.png, id=709, 459.96844pt x 323.70938pt>
File: image/Figure1-13.png Graphic file (type png)

<use image/Figure1-13.png>
Package pdftex.def Info: image/Figure1-13.png used on input line 549.
(pdftex.def)             Requested size: 227.62204pt x 160.19464pt.

Overfull \hbox (19.0633pt too wide) in paragraph at lines 549--549
[][] 
 []

[21 <./image/Figure1-13.png>]) [22]
\openout2 = `./TeX_files/chapter02.aux'.

 (./TeX_files/chapter02.tex
Chapter 2.
) [23



]
\openout2 = `./TeX_files/chapter03.aux'.

 (./TeX_files/chapter03.tex [24



]
Chapter 3.
) [25] [26


]
Package atveryend Info: Empty hook `BeforeClearDocument' on input line 175.
Package atveryend Info: Empty hook `AfterLastShipout' on input line 175.
 (./main.aux (./TeX_files/chapter01.aux) (./TeX_files/chapter02.aux) (./TeX_fil
es/chapter03.aux))
Package atveryend Info: Executing hook `AtVeryEndDocument' on input line 175.
Package atveryend Info: Executing hook `AtEndAfterFileList' on input line 175.
Package rerunfilecheck Info: File `main.out' has not changed.
(rerunfilecheck)             Checksum: 9820CA7A1CDEAC764DA1DE72D9794FDA;1618.


LaTeX Warning: There were multiply-defined labels.

Package atveryend Info: Empty hook `AtVeryVeryEnd' on input line 175.
 ) 
Here is how much of TeX's memory you used:
 23807 strings out of 494178
 403104 string characters out of 6153114
 525617 words of memory out of 5000000
 26218 multiletter control sequences out of 15000+600000
 80981 words of font info for 299 fonts, out of 8000000 for 9000
 430 hyphenation exceptions out of 8191
 40i,12n,47p,10433b,1766s stack positions out of 5000i,500n,10000p,200000b,80000s
<c:/Windows/fonts/simsun.ttc><c:/Windows/fonts/simhei.ttf><c:/Windows/fonts/s
imhei.ttf><c:/Windows/fonts/simhei.ttf><c:/Windows/fonts/simhei.ttf><c:/Windows
/fonts/simhei.ttf><c:/Windows/fonts/simhei.ttf><c:/Windows/fonts/simsun.ttc><c:
/Windows/fonts/simsun.ttc><c:/Windows/fonts/simsun.ttc><c:/Windows/fonts/simsun
.ttc><c:/Windows/fonts/simsun.ttc><c:/Windows/fonts/simsun.ttc><c:/Windows/font
s/simsun.ttc><c:/Windows/fonts/simsun.ttc><c:/Windows/fonts/simsun.ttc><c:/Wind
ows/fonts/simsun.ttc><c:/Windows/fonts/simsun.ttc><c:/Windows/fonts/simsun.ttc>
<c:/Windows/fonts/simsun.ttc><c:/Windows/fonts/simsun.ttc><c:/Windows/fonts/sim
sun.ttc><c:/Windows/fonts/simsun.ttc><c:/Windows/fonts/simhei.ttf><c:/Windows/f
onts/simhei.ttf><c:/Windows/fonts/simhei.ttf><c:/Windows/fonts/simsun.ttc><c:/W
indows/fonts/simsun.ttc><c:/Windows/fonts/simsun.ttc><c:/Windows/fonts/simsun.t
tc><c:/Windows/fonts/simsun.ttc><c:/Windows/fonts/simsun.ttc><c:/Windows/fonts/
simsun.ttc><c:/Windows/fonts/simsun.ttc><c:/Windows/fonts/simsun.ttc><c:/Window
s/fonts/simsun.ttc><c:/Windows/fonts/simsun.ttc><c:/Windows/fonts/simsun.ttc><c
:/Windows/fonts/simsun.ttc><c:/Windows/fonts/simsun.ttc><c:/Windows/fonts/simsu
n.ttc><c:/Windows/fonts/simsun.ttc><c:/Windows/fonts/simsun.ttc><c:/Windows/fon
ts/simsun.ttc><c:/Windows/fonts/simsun.ttc><c:/Windows/fonts/simsun.ttc><c:/Win
dows/fonts/simsun.ttc><c:/Windows/fonts/simsun.ttc><c:/Windows/fonts/simsun.ttc
><c:/Windows/fonts/simsun.ttc><c:/Windows/fonts/simsun.ttc><c:/Windows/fonts/si
msun.ttc><c:/Windows/fonts/simsun.ttc><c:/Windows/fonts/simsun.ttc><c:/Windows/
fonts/simsun.ttc><c:/Windows/fonts/simsun.ttc><c:/Windows/fonts/simsun.ttc><c:/
Windows/fonts/simsun.ttc><c:/Windows/fonts/simsun.ttc><c:/Windows/fonts/simsun.
ttc><c:/Windows/fonts/simsun.ttc><c:/Windows/fonts/simsun.ttc><c:/Windows/fonts
/simsun.ttc><c:/Windows/fonts/simsun.ttc><c:/Windows/fonts/simsun.ttc><c:/Windo
ws/fonts/simsun.ttc><c:/Windows/fonts/simsun.ttc><c:/Windows/fonts/simsun.ttc><
c:/Windows/fonts/simsun.ttc><c:/Windows/fonts/simhei.ttf><c:/Windows/fonts/simh
ei.ttf><c:/Windows/fonts/simhei.ttf><c:/Windows/fonts/simhei.ttf><c:/Windows/fo
nts/simhei.ttf><c:/Windows/fonts/simhei.ttf><c:/Windows/fonts/simhei.ttf><c:/Wi
ndows/fonts/simsun.ttc><c:/Windows/fonts/simsun.ttc><c:/Windows/fonts/simsun.tt
c><c:/Windows/fonts/simsun.ttc><c:/Windows/fonts/simsun.ttc><c:/Windows/fonts/s
imsun.ttc><c:/Windows/fonts/simsun.ttc><c:/Windows/fonts/simsun.ttc><c:/Windows
/fonts/simsun.ttc><c:/Windows/fonts/simsun.ttc><c:/Windows/fonts/simsun.ttc><c:
/Windows/fonts/simsun.ttc><c:/Windows/fonts/simhei.ttf><c:/Windows/fonts/simhei
.ttf><c:/Windows/fonts/simhei.ttf><c:/Windows/fonts/simhei.ttf><c:/Windows/font
s/simhei.ttf><c:/Windows/fonts/simhei.ttf><c:/Windows/fonts/simsun.ttc><c:/Wind
ows/fonts/simsun.ttc><c:/Windows/fonts/simsun.ttc><c:/Windows/fonts/simsun.ttc>
<c:/Windows/fonts/simhei.ttf><c:/Windows/fonts/simhei.ttf><c:/Windows/fonts/sim
hei.ttf><c:/Windows/fonts/simhei.ttf><d:/Program Files (x86)/texlive/texmf-dist
/fonts/type1/public/amsfonts/cm/cmbx10.pfb><d:/Program Files (x86)/texlive/texm
f-dist/fonts/type1/public/amsfonts/cm/cmbx12.pfb><d:/Program Files (x86)/texliv
e/texmf-dist/fonts/type1/public/amsfonts/cm/cmbx7.pfb><d:/Program Files (x86)/t
exlive/texmf-dist/fonts/type1/public/amsfonts/cm/cmex10.pfb><d:/Program Files (
x86)/texlive/texmf-dist/fonts/type1/public/amsfonts/cm/cmmi10.pfb><d:/Program F
iles (x86)/texlive/texmf-dist/fonts/type1/public/amsfonts/cm/cmmi12.pfb><d:/Pro
gram Files (x86)/texlive/texmf-dist/fonts/type1/public/amsfonts/cm/cmmi7.pfb><d
:/Program Files (x86)/texlive/texmf-dist/fonts/type1/public/amsfonts/cm/cmmi8.p
fb><d:/Program Files (x86)/texlive/texmf-dist/fonts/type1/public/amsfonts/cm/cm
r10.pfb><d:/Program Files (x86)/texlive/texmf-dist/fonts/type1/public/amsfonts/
cm/cmr12.pfb><d:/Program Files (x86)/texlive/texmf-dist/fonts/type1/public/amsf
onts/cm/cmr7.pfb><d:/Program Files (x86)/texlive/texmf-dist/fonts/type1/public/
amsfonts/cm/cmr8.pfb><d:/Program Files (x86)/texlive/texmf-dist/fonts/type1/pub
lic/amsfonts/cm/cmsl12.pfb><d:/Program Files (x86)/texlive/texmf-dist/fonts/typ
e1/public/amsfonts/cm/cmss10.pfb><d:/Program Files (x86)/texlive/texmf-dist/fon
ts/type1/public/amsfonts/cm/cmsy10.pfb><d:/Program Files (x86)/texlive/texmf-di
st/fonts/type1/public/amsfonts/cm/cmsy7.pfb><d:/Program Files (x86)/texlive/tex
mf-dist/fonts/type1/public/amsfonts/cm/cmti10.pfb><d:/Program Files (x86)/texli
ve/texmf-dist/fonts/type1/public/amsfonts/cm/cmti12.pfb><d:/Program Files (x86)
/texlive/texmf-dist/fonts/type1/public/amsfonts/cm/cmtt10.pfb><d:/Program Files
 (x86)/texlive/texmf-dist/fonts/type1/arphic/gbsnu/gbsnu20.pfb><d:/Program File
s (x86)/texlive/texmf-dist/fonts/type1/arphic/gbsnu/gbsnu30.pfb><d:/Program Fil
es (x86)/texlive/texmf-dist/fonts/type1/arphic/gbsnu/gbsnu4e.pfb><d:/Program Fi
les (x86)/texlive/texmf-dist/fonts/type1/arphic/gbsnu/gbsnu4f.pfb><d:/Program F
iles (x86)/texlive/texmf-dist/fonts/type1/arphic/gbsnu/gbsnu50.pfb><d:/Program 
Files (x86)/texlive/texmf-dist/fonts/type1/arphic/gbsnu/gbsnu51.pfb><d:/Program
 Files (x86)/texlive/texmf-dist/fonts/type1/arphic/gbsnu/gbsnu52.pfb><d:/Progra
m Files (x86)/texlive/texmf-dist/fonts/type1/arphic/gbsnu/gbsnu53.pfb><d:/Progr
am Files (x86)/texlive/texmf-dist/fonts/type1/arphic/gbsnu/gbsnu54.pfb><d:/Prog
ram Files (x86)/texlive/texmf-dist/fonts/type1/arphic/gbsnu/gbsnu55.pfb><d:/Pro
gram Files (x86)/texlive/texmf-dist/fonts/type1/arphic/gbsnu/gbsnu56.pfb><d:/Pr
ogram Files (x86)/texlive/texmf-dist/fonts/type1/arphic/gbsnu/gbsnu57.pfb><d:/P
rogram Files (x86)/texlive/texmf-dist/fonts/type1/arphic/gbsnu/gbsnu58.pfb><d:/
Program Files (x86)/texlive/texmf-dist/fonts/type1/arphic/gbsnu/gbsnu59.pfb><d:
/Program Files (x86)/texlive/texmf-dist/fonts/type1/arphic/gbsnu/gbsnu5b.pfb><d
:/Program Files (x86)/texlive/texmf-dist/fonts/type1/arphic/gbsnu/gbsnu5c.pfb><
d:/Program Files (x86)/texlive/texmf-dist/fonts/type1/arphic/gbsnu/gbsnu5d.pfb>
<d:/Program Files (x86)/texlive/texmf-dist/fonts/type1/arphic/gbsnu/gbsnu5e.pfb
><d:/Program Files (x86)/texlive/texmf-dist/fonts/type1/arphic/gbsnu/gbsnu5f.pf
b><d:/Program Files (x86)/texlive/texmf-dist/fonts/type1/arphic/gbsnu/gbsnu60.p
fb><d:/Program Files (x86)/texlive/texmf-dist/fonts/type1/arphic/gbsnu/gbsnu61.
pfb><d:/Program Files (x86)/texlive/texmf-dist/fonts/type1/arphic/gbsnu/gbsnu62
.pfb><d:/Program Files (x86)/texlive/texmf-dist/fonts/type1/arphic/gbsnu/gbsnu6
3.pfb><d:/Program Files (x86)/texlive/texmf-dist/fonts/type1/arphic/gbsnu/gbsnu
64.pfb><d:/Program Files (x86)/texlive/texmf-dist/fonts/type1/arphic/gbsnu/gbsn
u65.pfb><d:/Program Files (x86)/texlive/texmf-dist/fonts/type1/arphic/gbsnu/gbs
nu66.pfb><d:/Program Files (x86)/texlive/texmf-dist/fonts/type1/arphic/gbsnu/gb
snu67.pfb><d:/Program Files (x86)/texlive/texmf-dist/fonts/type1/arphic/gbsnu/g
bsnu68.pfb><d:/Program Files (x86)/texlive/texmf-dist/fonts/type1/arphic/gbsnu/
gbsnu69.pfb><d:/Program Files (x86)/texlive/texmf-dist/fonts/type1/arphic/gbsnu
/gbsnu6a.pfb><d:/Program Files (x86)/texlive/texmf-dist/fonts/type1/arphic/gbsn
u/gbsnu6b.pfb><d:/Program Files (x86)/texlive/texmf-dist/fonts/type1/arphic/gbs
nu/gbsnu6c.pfb><d:/Program Files (x86)/texlive/texmf-dist/fonts/type1/arphic/gb
snu/gbsnu6d.pfb><d:/Program Files (x86)/texlive/texmf-dist/fonts/type1/arphic/g
bsnu/gbsnu6e.pfb><d:/Program Files (x86)/texlive/texmf-dist/fonts/type1/arphic/
gbsnu/gbsnu6f.pfb><d:/Program Files (x86)/texlive/texmf-dist/fonts/type1/arphic
/gbsnu/gbsnu70.pfb><d:/Program Files (x86)/texlive/texmf-dist/fonts/type1/arphi
c/gbsnu/gbsnu71.pfb><d:/Program Files (x86)/texlive/texmf-dist/fonts/type1/arph
ic/gbsnu/gbsnu72.pfb><d:/Program Files (x86)/texlive/texmf-dist/fonts/type1/arp
hic/gbsnu/gbsnu73.pfb><d:/Program Files (x86)/texlive/texmf-dist/fonts/type1/ar
phic/gbsnu/gbsnu74.pfb><d:/Program Files (x86)/texlive/texmf-dist/fonts/type1/a
rphic/gbsnu/gbsnu75.pfb><d:/Program Files (x86)/texlive/texmf-dist/fonts/type1/
arphic/gbsnu/gbsnu76.pfb><d:/Program Files (x86)/texlive/texmf-dist/fonts/type1
/arphic/gbsnu/gbsnu77.pfb><d:/Program Files (x86)/texlive/texmf-dist/fonts/type
1/arphic/gbsnu/gbsnu78.pfb><d:/Program Files (x86)/texlive/texmf-dist/fonts/typ
e1/arphic/gbsnu/gbsnu79.pfb><d:/Program Files (x86)/texlive/texmf-dist/fonts/ty
pe1/arphic/gbsnu/gbsnu7a.pfb><d:/Program Files (x86)/texlive/texmf-dist/fonts/t
ype1/arphic/gbsnu/gbsnu7b.pfb><d:/Program Files (x86)/texlive/texmf-dist/fonts/
type1/arphic/gbsnu/gbsnu7c.pfb><d:/Program Files (x86)/texlive/texmf-dist/fonts
/type1/arphic/gbsnu/gbsnu7d.pfb><d:/Program Files (x86)/texlive/texmf-dist/font
s/type1/arphic/gbsnu/gbsnu7e.pfb><d:/Program Files (x86)/texlive/texmf-dist/fon
ts/type1/arphic/gbsnu/gbsnu7f.pfb><d:/Program Files (x86)/texlive/texmf-dist/fo
nts/type1/arphic/gbsnu/gbsnu80.pfb><d:/Program Files (x86)/texlive/texmf-dist/f
onts/type1/arphic/gbsnu/gbsnu81.pfb><d:/Program Files (x86)/texlive/texmf-dist/
fonts/type1/arphic/gbsnu/gbsnu82.pfb><d:/Program Files (x86)/texlive/texmf-dist
/fonts/type1/arphic/gbsnu/gbsnu83.pfb><d:/Program Files (x86)/texlive/texmf-dis
t/fonts/type1/arphic/gbsnu/gbsnu84.pfb><d:/Program Files (x86)/texlive/texmf-di
st/fonts/type1/arphic/gbsnu/gbsnu86.pfb><d:/Program Files (x86)/texlive/texmf-d
ist/fonts/type1/arphic/gbsnu/gbsnu87.pfb><d:/Program Files (x86)/texlive/texmf-
dist/fonts/type1/arphic/gbsnu/gbsnu88.pfb><d:/Program Files (x86)/texlive/texmf
-dist/fonts/type1/arphic/gbsnu/gbsnu89.pfb><d:/Program Files (x86)/texlive/texm
f-dist/fonts/type1/arphic/gbsnu/gbsnu8a.pfb><d:/Program Files (x86)/texlive/tex
mf-dist/fonts/type1/arphic/gbsnu/gbsnu8b.pfb><d:/Program Files (x86)/texlive/te
xmf-dist/fonts/type1/arphic/gbsnu/gbsnu8c.pfb><d:/Program Files (x86)/texlive/t
exmf-dist/fonts/type1/arphic/gbsnu/gbsnu8d.pfb><d:/Program Files (x86)/texlive/
texmf-dist/fonts/type1/arphic/gbsnu/gbsnu8e.pfb><d:/Program Files (x86)/texlive
/texmf-dist/fonts/type1/arphic/gbsnu/gbsnu8f.pfb><d:/Program Files (x86)/texliv
e/texmf-dist/fonts/type1/arphic/gbsnu/gbsnu90.pfb><d:/Program Files (x86)/texli
ve/texmf-dist/fonts/type1/arphic/gbsnu/gbsnu91.pfb><d:/Program Files (x86)/texl
ive/texmf-dist/fonts/type1/arphic/gbsnu/gbsnu94.pfb><d:/Program Files (x86)/tex
live/texmf-dist/fonts/type1/arphic/gbsnu/gbsnu95.pfb><d:/Program Files (x86)/te
xlive/texmf-dist/fonts/type1/arphic/gbsnu/gbsnu96.pfb><d:/Program Files (x86)/t
exlive/texmf-dist/fonts/type1/arphic/gbsnu/gbsnu97.pfb><d:/Program Files (x86)/
texlive/texmf-dist/fonts/type1/arphic/gbsnu/gbsnu98.pfb><d:/Program Files (x86)
/texlive/texmf-dist/fonts/type1/arphic/gbsnu/gbsnu99.pfb><d:/Program Files (x86
)/texlive/texmf-dist/fonts/type1/arphic/gbsnu/gbsnu9a.pfb><d:/Program Files (x8
6)/texlive/texmf-dist/fonts/type1/arphic/gbsnu/gbsnu9f.pfb><d:/Program Files (x
86)/texlive/texmf-dist/fonts/type1/arphic/gbsnu/gbsnuff.pfb><d:/Program Files (
x86)/texlive/texmf-dist/fonts/type1/public/amsfonts/symbols/msbm10.pfb>
Output written on main.pdf (32 pages, 1237349 bytes).
PDF statistics:
 1377 PDF objects out of 1440 (max. 8388607)
 1022 compressed objects within 11 object streams
 118 named destinations out of 1000 (max. 500000)
 550 words of extra memory for PDF output out of 10000 (max. 10000000)

